RUN	scalecube.BasicSimulation		basicsimulation	1485029592604	null	2.0
USER	Scenario Name	2	START	1485029595022	1485029595022
USER	Scenario Name	1	START	1485029595015	1485029595015
REQUEST	Scenario Name	1		localhost	1485029595047	1485029595047	KO	j.n.ConnectException: Connection refused: localhost/0:0:0:0:0:0:0:1:8080
REQUEST	Scenario Name	2		localhost	1485029595047	1485029595047	KO	j.n.ConnectException: Connection refused: localhost/0:0:0:0:0:0:0:1:8080
USER	Scenario Name	1	END	1485029595015	1485029595070
USER	Scenario Name	2	END	1485029595022	1485029595070
USER	Scenario Name	3	START	1485029596022	1485029596022
REQUEST	Scenario Name	3		localhost	1485029596022	1485029596022	KO	j.n.ConnectException: Connection refused: localhost/0:0:0:0:0:0:0:1:8080
USER	Scenario Name	3	END	1485029596022	1485029596027
USER	Scenario Name	4	START	1485029597023	1485029597023
REQUEST	Scenario Name	4		localhost	1485029597023	1485029597023	KO	j.n.ConnectException: Connection refused: localhost/0:0:0:0:0:0:0:1:8080
USER	Scenario Name	4	END	1485029597023	1485029597028
USER	Scenario Name	5	START	1485029618852	1485029618852
REQUEST	Scenario Name	5		localhost	1485029618853	1485029618853	KO	j.n.ConnectException: Connection refused: localhost/0:0:0:0:0:0:0:1:8080
USER	Scenario Name	5	END	1485029618852	1485029618858
USER	Scenario Name	6	START	1485029619323	1485029619323
REQUEST	Scenario Name	6		localhost	1485029619323	1485029619323	KO	j.n.ConnectException: Connection refused: localhost/0:0:0:0:0:0:0:1:8080
USER	Scenario Name	6	END	1485029619323	1485029619329
USER	Scenario Name	7	START	1485029619393	1485029619393
REQUEST	Scenario Name	7		localhost	1485029619393	1485029619393	KO	j.n.ConnectException: Connection refused: localhost/0:0:0:0:0:0:0:1:8080
USER	Scenario Name	7	END	1485029619393	1485029619398
USER	Scenario Name	8	START	1485029620133	1485029620133
REQUEST	Scenario Name	8		localhost	1485029620133	1485029620133	KO	j.n.ConnectException: Connection refused: localhost/127.0.0.1:8080
USER	Scenario Name	8	END	1485029620133	1485029620137
USER	Scenario Name	9	START	1485029620972	1485029620972
REQUEST	Scenario Name	9		localhost	1485029620972	1485029620972	KO	j.n.ConnectException: Connection refused: localhost/127.0.0.1:8080
USER	Scenario Name	9	END	1485029620972	1485029620977
USER	Scenario Name	10	START	1485029621052	1485029621052
REQUEST	Scenario Name	10		localhost	1485029621052	1485029621052	KO	j.n.ConnectException: Connection refused: localhost/127.0.0.1:8080
USER	Scenario Name	10	END	1485029621052	1485029621056
USER	Scenario Name	11	START	1485029621542	1485029621542
REQUEST	Scenario Name	11		localhost	1485029621542	1485029621542	KO	j.n.ConnectException: Connection refused: localhost/127.0.0.1:8080
USER	Scenario Name	11	END	1485029621542	1485029621547
USER	Scenario Name	12	START	1485029623882	1485029623882
REQUEST	Scenario Name	12		localhost	1485029623883	1485029623883	KO	j.n.ConnectException: Connection refused: localhost/127.0.0.1:8080
USER	Scenario Name	12	END	1485029623882	1485029623889
USER	Scenario Name	13	START	1485029625653	1485029625653
REQUEST	Scenario Name	13		localhost	1485029625653	1485029625653	KO	j.n.ConnectException: Connection refused: localhost/127.0.0.1:8080
USER	Scenario Name	13	END	1485029625653	1485029625657
USER	Scenario Name	14	START	1485029625682	1485029625682
REQUEST	Scenario Name	14		localhost	1485029625682	1485029625682	KO	j.n.ConnectException: Connection refused: localhost/0:0:0:0:0:0:0:1:8080
USER	Scenario Name	14	END	1485029625682	1485029625686
USER	Scenario Name	15	START	1485029625992	1485029625992
REQUEST	Scenario Name	15		localhost	1485029625992	1485029625992	KO	j.n.ConnectException: Connection refused: localhost/127.0.0.1:8080
USER	Scenario Name	15	END	1485029625992	1485029625996
USER	Scenario Name	16	START	1485029626422	1485029626422
REQUEST	Scenario Name	16		localhost	1485029626422	1485029626422	KO	j.n.ConnectException: Connection refused: localhost/127.0.0.1:8080
USER	Scenario Name	16	END	1485029626422	1485029626427
USER	Scenario Name	17	START	1485029626902	1485029626902
REQUEST	Scenario Name	17		localhost	1485029626903	1485029626903	KO	j.n.ConnectException: Connection refused: localhost/127.0.0.1:8080
USER	Scenario Name	17	END	1485029626902	1485029626906
USER	Scenario Name	18	START	1485029627592	1485029627592
REQUEST	Scenario Name	18		localhost	1485029627592	1485029627592	KO	j.n.ConnectException: Connection refused: localhost/127.0.0.1:8080
USER	Scenario Name	18	END	1485029627592	1485029627596
USER	Scenario Name	19	START	1485029627863	1485029627863
REQUEST	Scenario Name	19		localhost	1485029627863	1485029627863	KO	j.n.ConnectException: Connection refused: localhost/0:0:0:0:0:0:0:1:8080
USER	Scenario Name	19	END	1485029627863	1485029627866
USER	Scenario Name	20	START	1485029628223	1485029628223
REQUEST	Scenario Name	20		localhost	1485029628223	1485029628223	KO	j.n.ConnectException: Connection refused: localhost/127.0.0.1:8080
USER	Scenario Name	20	END	1485029628223	1485029628227
USER	Scenario Name	21	START	1485029631782	1485029631782
REQUEST	Scenario Name	21		localhost	1485029631782	1485029631782	KO	j.n.ConnectException: Connection refused: localhost/0:0:0:0:0:0:0:1:8080
USER	Scenario Name	21	END	1485029631782	1485029631787
USER	Scenario Name	22	START	1485029633083	1485029633083
REQUEST	Scenario Name	22		localhost	1485029633083	1485029633083	KO	j.n.ConnectException: Connection refused: localhost/127.0.0.1:8080
USER	Scenario Name	22	END	1485029633083	1485029633087
USER	Scenario Name	23	START	1485029633522	1485029633522
REQUEST	Scenario Name	23		localhost	1485029633522	1485029633522	KO	j.n.ConnectException: Connection refused: localhost/127.0.0.1:8080
USER	Scenario Name	23	END	1485029633522	1485029633525
USER	Scenario Name	24	START	1485029635843	1485029635843
REQUEST	Scenario Name	24		localhost	1485029635843	1485029635843	KO	j.n.ConnectException: Connection refused: localhost/127.0.0.1:8080
USER	Scenario Name	24	END	1485029635843	1485029635846
