RUN	scalecube.BasicSimulation		basicsimulation	1484771732906	null	2.0
USER	scalecube-greeting	1	START	1484771733929	1484771733929
REQUEST	scalecube-greeting	1		greeting	1484771733956	1484771734002	OK	 
REQUEST	scalecube-greeting	1		greeting	1484771734030	1484771734038	OK	 
REQUEST	scalecube-greeting	1		greeting	1484771734064	1484771734067	OK	 
REQUEST	scalecube-greeting	1		greeting	1484771734094	1484771734096	OK	 
REQUEST	scalecube-greeting	1		greeting	1484771734124	1484771734127	OK	 
REQUEST	scalecube-greeting	1		greeting	1484771734153	1484771734156	OK	 
REQUEST	scalecube-greeting	1		greeting	1484771734184	1484771734187	OK	 
REQUEST	scalecube-greeting	1		greeting	1484771734214	1484771734219	OK	 
USER	scalecube-greeting	2	START	1484771734223	1484771734223
REQUEST	scalecube-greeting	2		greeting	1484771734224	1484771734235	OK	 
REQUEST	scalecube-greeting	2		greeting	1484771734237	1484771734243	OK	 
REQUEST	scalecube-greeting	1		greeting	1484771734244	1484771734250	OK	 
REQUEST	scalecube-greeting	1		greeting	1484771734274	1484771734279	OK	 
REQUEST	scalecube-greeting	2		greeting	1484771734274	1484771734281	OK	 
USER	scalecube-greeting	1	END	1484771733929	1484771734282
REQUEST	scalecube-greeting	2		greeting	1484771734304	1484771734306	OK	 
REQUEST	scalecube-greeting	2		greeting	1484771734334	1484771734337	OK	 
REQUEST	scalecube-greeting	2		greeting	1484771734364	1484771734367	OK	 
REQUEST	scalecube-greeting	2		greeting	1484771734394	1484771734397	OK	 
REQUEST	scalecube-greeting	2		greeting	1484771734423	1484771734426	OK	 
REQUEST	scalecube-greeting	2		greeting	1484771734454	1484771734456	OK	 
USER	scalecube-greeting	3	START	1484771734483	1484771734483
REQUEST	scalecube-greeting	2		greeting	1484771734483	1484771734486	OK	 
USER	scalecube-greeting	2	END	1484771734223	1484771734487
REQUEST	scalecube-greeting	3		greeting	1484771734483	1484771734488	OK	 
REQUEST	scalecube-greeting	3		greeting	1484771734488	1484771734491	OK	 
REQUEST	scalecube-greeting	3		greeting	1484771734514	1484771734516	OK	 
REQUEST	scalecube-greeting	3		greeting	1484771734544	1484771734547	OK	 
REQUEST	scalecube-greeting	3		greeting	1484771734574	1484771734576	OK	 
REQUEST	scalecube-greeting	3		greeting	1484771734604	1484771734607	OK	 
REQUEST	scalecube-greeting	3		greeting	1484771734633	1484771734636	OK	 
REQUEST	scalecube-greeting	3		greeting	1484771734664	1484771734667	OK	 
REQUEST	scalecube-greeting	3		greeting	1484771734694	1484771734697	OK	 
REQUEST	scalecube-greeting	3		greeting	1484771734724	1484771734727	OK	 
USER	scalecube-greeting	3	END	1484771734483	1484771734728
USER	scalecube-greeting	4	START	1484771734734	1484771734734
REQUEST	scalecube-greeting	4		greeting	1484771734734	1484771734740	OK	 
REQUEST	scalecube-greeting	4		greeting	1484771734740	1484771734743	OK	 
REQUEST	scalecube-greeting	4		greeting	1484771734764	1484771734767	OK	 
REQUEST	scalecube-greeting	4		greeting	1484771734794	1484771734797	OK	 
REQUEST	scalecube-greeting	4		greeting	1484771734824	1484771734827	OK	 
REQUEST	scalecube-greeting	4		greeting	1484771734853	1484771734857	OK	 
REQUEST	scalecube-greeting	4		greeting	1484771734884	1484771734887	OK	 
REQUEST	scalecube-greeting	4		greeting	1484771734914	1484771734917	OK	 
REQUEST	scalecube-greeting	4		greeting	1484771734944	1484771734946	OK	 
REQUEST	scalecube-greeting	4		greeting	1484771734974	1484771734977	OK	 
USER	scalecube-greeting	4	END	1484771734734	1484771734977
USER	scalecube-greeting	5	START	1484771734984	1484771734984
REQUEST	scalecube-greeting	5		greeting	1484771734984	1484771734989	OK	 
REQUEST	scalecube-greeting	5		greeting	1484771734989	1484771734992	OK	 
REQUEST	scalecube-greeting	5		greeting	1484771735014	1484771735017	OK	 
REQUEST	scalecube-greeting	5		greeting	1484771735044	1484771735047	OK	 
REQUEST	scalecube-greeting	5		greeting	1484771735073	1484771735077	OK	 
REQUEST	scalecube-greeting	5		greeting	1484771735104	1484771735107	OK	 
REQUEST	scalecube-greeting	5		greeting	1484771735134	1484771735136	OK	 
REQUEST	scalecube-greeting	5		greeting	1484771735164	1484771735168	OK	 
REQUEST	scalecube-greeting	5		greeting	1484771735194	1484771735197	OK	 
REQUEST	scalecube-greeting	5		greeting	1484771735224	1484771735226	OK	 
USER	scalecube-greeting	5	END	1484771734984	1484771735226
USER	scalecube-greeting	6	START	1484771735324	1484771735324
REQUEST	scalecube-greeting	6		greeting	1484771735324	1484771735328	OK	 
REQUEST	scalecube-greeting	6		greeting	1484771735328	1484771735330	OK	 
REQUEST	scalecube-greeting	6		greeting	1484771735353	1484771735356	OK	 
REQUEST	scalecube-greeting	6		greeting	1484771735384	1484771735386	OK	 
REQUEST	scalecube-greeting	6		greeting	1484771735414	1484771735417	OK	 
REQUEST	scalecube-greeting	6		greeting	1484771735443	1484771735447	OK	 
REQUEST	scalecube-greeting	6		greeting	1484771735474	1484771735480	OK	 
REQUEST	scalecube-greeting	6		greeting	1484771735503	1484771735507	OK	 
REQUEST	scalecube-greeting	6		greeting	1484771735534	1484771735537	OK	 
REQUEST	scalecube-greeting	6		greeting	1484771735563	1484771735567	OK	 
USER	scalecube-greeting	6	END	1484771735324	1484771735567
USER	scalecube-greeting	7	START	1484771735654	1484771735654
REQUEST	scalecube-greeting	7		greeting	1484771735654	1484771735658	OK	 
REQUEST	scalecube-greeting	7		greeting	1484771735658	1484771735662	OK	 
REQUEST	scalecube-greeting	7		greeting	1484771735684	1484771735687	OK	 
REQUEST	scalecube-greeting	7		greeting	1484771735714	1484771735716	OK	 
REQUEST	scalecube-greeting	7		greeting	1484771735744	1484771735747	OK	 
REQUEST	scalecube-greeting	7		greeting	1484771735774	1484771735776	OK	 
REQUEST	scalecube-greeting	7		greeting	1484771735803	1484771735805	OK	 
REQUEST	scalecube-greeting	7		greeting	1484771735834	1484771735835	OK	 
REQUEST	scalecube-greeting	7		greeting	1484771735864	1484771735866	OK	 
REQUEST	scalecube-greeting	7		greeting	1484771735894	1484771735895	OK	 
USER	scalecube-greeting	7	END	1484771735654	1484771735896
USER	scalecube-greeting	8	START	1484771735984	1484771735984
REQUEST	scalecube-greeting	8		greeting	1484771735984	1484771735988	OK	 
REQUEST	scalecube-greeting	8		greeting	1484771735988	1484771735990	OK	 
REQUEST	scalecube-greeting	8		greeting	1484771736014	1484771736016	OK	 
REQUEST	scalecube-greeting	8		greeting	1484771736044	1484771736046	OK	 
REQUEST	scalecube-greeting	8		greeting	1484771736074	1484771736076	OK	 
REQUEST	scalecube-greeting	8		greeting	1484771736104	1484771736105	OK	 
REQUEST	scalecube-greeting	8		greeting	1484771736134	1484771736136	OK	 
REQUEST	scalecube-greeting	8		greeting	1484771736163	1484771736165	OK	 
REQUEST	scalecube-greeting	8		greeting	1484771736194	1484771736196	OK	 
REQUEST	scalecube-greeting	8		greeting	1484771736223	1484771736225	OK	 
USER	scalecube-greeting	8	END	1484771735984	1484771736226
USER	scalecube-greeting	9	START	1484771736274	1484771736274
REQUEST	scalecube-greeting	9		greeting	1484771736274	1484771736280	OK	 
REQUEST	scalecube-greeting	9		greeting	1484771736280	1484771736282	OK	 
REQUEST	scalecube-greeting	9		greeting	1484771736304	1484771736306	OK	 
REQUEST	scalecube-greeting	9		greeting	1484771736334	1484771736336	OK	 
REQUEST	scalecube-greeting	9		greeting	1484771736363	1484771736365	OK	 
REQUEST	scalecube-greeting	9		greeting	1484771736394	1484771736396	OK	 
REQUEST	scalecube-greeting	9		greeting	1484771736423	1484771736425	OK	 
REQUEST	scalecube-greeting	9		greeting	1484771736454	1484771736455	OK	 
REQUEST	scalecube-greeting	9		greeting	1484771736484	1484771736487	OK	 
REQUEST	scalecube-greeting	9		greeting	1484771736514	1484771736515	OK	 
USER	scalecube-greeting	9	END	1484771736274	1484771736516
USER	scalecube-greeting	10	START	1484771736614	1484771736614
REQUEST	scalecube-greeting	10		greeting	1484771736614	1484771736618	OK	 
REQUEST	scalecube-greeting	10		greeting	1484771736619	1484771736621	OK	 
REQUEST	scalecube-greeting	10		greeting	1484771736644	1484771736646	OK	 
REQUEST	scalecube-greeting	10		greeting	1484771736674	1484771736676	OK	 
REQUEST	scalecube-greeting	10		greeting	1484771736703	1484771736705	OK	 
REQUEST	scalecube-greeting	10		greeting	1484771736734	1484771736736	OK	 
REQUEST	scalecube-greeting	10		greeting	1484771736764	1484771736767	OK	 
REQUEST	scalecube-greeting	10		greeting	1484771736794	1484771736795	OK	 
REQUEST	scalecube-greeting	10		greeting	1484771736824	1484771736826	OK	 
REQUEST	scalecube-greeting	10		greeting	1484771736854	1484771736855	OK	 
USER	scalecube-greeting	10	END	1484771736614	1484771736856
USER	scalecube-greeting	11	START	1484771736944	1484771736944
REQUEST	scalecube-greeting	11		greeting	1484771736944	1484771736947	OK	 
REQUEST	scalecube-greeting	11		greeting	1484771736947	1484771736949	OK	 
REQUEST	scalecube-greeting	11		greeting	1484771736973	1484771736975	OK	 
REQUEST	scalecube-greeting	11		greeting	1484771737004	1484771737005	OK	 
REQUEST	scalecube-greeting	11		greeting	1484771737034	1484771737036	OK	 
REQUEST	scalecube-greeting	11		greeting	1484771737064	1484771737065	OK	 
REQUEST	scalecube-greeting	11		greeting	1484771737094	1484771737096	OK	 
REQUEST	scalecube-greeting	11		greeting	1484771737124	1484771737126	OK	 
REQUEST	scalecube-greeting	11		greeting	1484771737154	1484771737157	OK	 
REQUEST	scalecube-greeting	11		greeting	1484771737184	1484771737186	OK	 
USER	scalecube-greeting	11	END	1484771736944	1484771737187
USER	scalecube-greeting	12	START	1484771737194	1484771737194
REQUEST	scalecube-greeting	12		greeting	1484771737194	1484771737197	OK	 
REQUEST	scalecube-greeting	12		greeting	1484771737197	1484771737199	OK	 
REQUEST	scalecube-greeting	12		greeting	1484771737224	1484771737226	OK	 
REQUEST	scalecube-greeting	12		greeting	1484771737254	1484771737256	OK	 
REQUEST	scalecube-greeting	12		greeting	1484771737284	1484771737286	OK	 
REQUEST	scalecube-greeting	12		greeting	1484771737314	1484771737315	OK	 
REQUEST	scalecube-greeting	12		greeting	1484771737344	1484771737346	OK	 
REQUEST	scalecube-greeting	12		greeting	1484771737374	1484771737376	OK	 
REQUEST	scalecube-greeting	12		greeting	1484771737404	1484771737406	OK	 
REQUEST	scalecube-greeting	12		greeting	1484771737433	1484771737435	OK	 
USER	scalecube-greeting	12	END	1484771737194	1484771737436
USER	scalecube-greeting	13	START	1484771737443	1484771737443
REQUEST	scalecube-greeting	13		greeting	1484771737444	1484771737448	OK	 
REQUEST	scalecube-greeting	13		greeting	1484771737449	1484771737450	OK	 
REQUEST	scalecube-greeting	13		greeting	1484771737474	1484771737476	OK	 
REQUEST	scalecube-greeting	13		greeting	1484771737503	1484771737505	OK	 
REQUEST	scalecube-greeting	13		greeting	1484771737534	1484771737535	OK	 
REQUEST	scalecube-greeting	13		greeting	1484771737564	1484771737566	OK	 
REQUEST	scalecube-greeting	13		greeting	1484771737594	1484771737596	OK	 
REQUEST	scalecube-greeting	13		greeting	1484771737624	1484771737626	OK	 
REQUEST	scalecube-greeting	13		greeting	1484771737653	1484771737655	OK	 
REQUEST	scalecube-greeting	13		greeting	1484771737684	1484771737685	OK	 
USER	scalecube-greeting	13	END	1484771737443	1484771737686
USER	scalecube-greeting	14	START	1484771737694	1484771737694
REQUEST	scalecube-greeting	14		greeting	1484771737694	1484771737697	OK	 
REQUEST	scalecube-greeting	14		greeting	1484771737697	1484771737699	OK	 
REQUEST	scalecube-greeting	14		greeting	1484771737723	1484771737725	OK	 
REQUEST	scalecube-greeting	14		greeting	1484771737754	1484771737755	OK	 
REQUEST	scalecube-greeting	14		greeting	1484771737784	1484771737786	OK	 
REQUEST	scalecube-greeting	14		greeting	1484771737814	1484771737815	OK	 
REQUEST	scalecube-greeting	14		greeting	1484771737844	1484771737845	OK	 
REQUEST	scalecube-greeting	14		greeting	1484771737874	1484771737876	OK	 
REQUEST	scalecube-greeting	14		greeting	1484771737905	1484771737907	OK	 
REQUEST	scalecube-greeting	14		greeting	1484771737934	1484771737936	OK	 
USER	scalecube-greeting	14	END	1484771737694	1484771737937
USER	scalecube-greeting	15	START	1484771737943	1484771737943
REQUEST	scalecube-greeting	15		greeting	1484771737944	1484771737951	OK	 
REQUEST	scalecube-greeting	15		greeting	1484771737952	1484771737955	OK	 
REQUEST	scalecube-greeting	15		greeting	1484771737984	1484771737986	OK	 
REQUEST	scalecube-greeting	15		greeting	1484771738014	1484771738016	OK	 
REQUEST	scalecube-greeting	15		greeting	1484771738044	1484771738045	OK	 
REQUEST	scalecube-greeting	15		greeting	1484771738074	1484771738076	OK	 
REQUEST	scalecube-greeting	15		greeting	1484771738103	1484771738105	OK	 
REQUEST	scalecube-greeting	15		greeting	1484771738134	1484771738135	OK	 
REQUEST	scalecube-greeting	15		greeting	1484771738163	1484771738165	OK	 
REQUEST	scalecube-greeting	15		greeting	1484771738194	1484771738195	OK	 
USER	scalecube-greeting	15	END	1484771737943	1484771738196
USER	scalecube-greeting	16	START	1484771738274	1484771738274
REQUEST	scalecube-greeting	16		greeting	1484771738274	1484771738276	OK	 
REQUEST	scalecube-greeting	16		greeting	1484771738277	1484771738278	OK	 
REQUEST	scalecube-greeting	16		greeting	1484771738304	1484771738306	OK	 
REQUEST	scalecube-greeting	16		greeting	1484771738334	1484771738335	OK	 
REQUEST	scalecube-greeting	16		greeting	1484771738364	1484771738365	OK	 
REQUEST	scalecube-greeting	16		greeting	1484771738393	1484771738395	OK	 
REQUEST	scalecube-greeting	16		greeting	1484771738424	1484771738425	OK	 
REQUEST	scalecube-greeting	16		greeting	1484771738454	1484771738456	OK	 
REQUEST	scalecube-greeting	16		greeting	1484771738484	1484771738485	OK	 
REQUEST	scalecube-greeting	16		greeting	1484771738514	1484771738517	OK	 
USER	scalecube-greeting	16	END	1484771738274	1484771738518
USER	scalecube-greeting	17	START	1484771738613	1484771738613
REQUEST	scalecube-greeting	17		greeting	1484771738614	1484771738617	OK	 
REQUEST	scalecube-greeting	17		greeting	1484771738617	1484771738620	OK	 
REQUEST	scalecube-greeting	17		greeting	1484771738644	1484771738647	OK	 
REQUEST	scalecube-greeting	17		greeting	1484771738673	1484771738675	OK	 
REQUEST	scalecube-greeting	17		greeting	1484771738704	1484771738705	OK	 
REQUEST	scalecube-greeting	17		greeting	1484771738734	1484771738736	OK	 
REQUEST	scalecube-greeting	17		greeting	1484771738764	1484771738765	OK	 
REQUEST	scalecube-greeting	17		greeting	1484771738794	1484771738796	OK	 
REQUEST	scalecube-greeting	17		greeting	1484771738824	1484771738825	OK	 
REQUEST	scalecube-greeting	17		greeting	1484771738854	1484771738856	OK	 
USER	scalecube-greeting	17	END	1484771738613	1484771738856
USER	scalecube-greeting	18	START	1484771738944	1484771738944
REQUEST	scalecube-greeting	18		greeting	1484771738944	1484771738947	OK	 
REQUEST	scalecube-greeting	18		greeting	1484771738947	1484771738948	OK	 
REQUEST	scalecube-greeting	18		greeting	1484771738974	1484771738975	OK	 
REQUEST	scalecube-greeting	18		greeting	1484771739004	1484771739006	OK	 
REQUEST	scalecube-greeting	18		greeting	1484771739033	1484771739035	OK	 
REQUEST	scalecube-greeting	18		greeting	1484771739064	1484771739065	OK	 
REQUEST	scalecube-greeting	18		greeting	1484771739093	1484771739095	OK	 
REQUEST	scalecube-greeting	18		greeting	1484771739124	1484771739125	OK	 
REQUEST	scalecube-greeting	18		greeting	1484771739154	1484771739156	OK	 
REQUEST	scalecube-greeting	18		greeting	1484771739184	1484771739185	OK	 
USER	scalecube-greeting	18	END	1484771738944	1484771739186
USER	scalecube-greeting	19	START	1484771739274	1484771739274
REQUEST	scalecube-greeting	19		greeting	1484771739275	1484771739280	OK	 
REQUEST	scalecube-greeting	19		greeting	1484771739281	1484771739284	OK	 
REQUEST	scalecube-greeting	19		greeting	1484771739314	1484771739318	OK	 
REQUEST	scalecube-greeting	19		greeting	1484771739344	1484771739346	OK	 
REQUEST	scalecube-greeting	19		greeting	1484771739374	1484771739376	OK	 
REQUEST	scalecube-greeting	19		greeting	1484771739404	1484771739407	OK	 
REQUEST	scalecube-greeting	19		greeting	1484771739434	1484771739437	OK	 
REQUEST	scalecube-greeting	19		greeting	1484771739464	1484771739467	OK	 
REQUEST	scalecube-greeting	19		greeting	1484771739494	1484771739496	OK	 
REQUEST	scalecube-greeting	19		greeting	1484771739524	1484771739526	OK	 
USER	scalecube-greeting	19	END	1484771739274	1484771739526
USER	scalecube-greeting	20	START	1484771739614	1484771739614
REQUEST	scalecube-greeting	20		greeting	1484771739614	1484771739617	OK	 
REQUEST	scalecube-greeting	20		greeting	1484771739617	1484771739619	OK	 
REQUEST	scalecube-greeting	20		greeting	1484771739643	1484771739645	OK	 
REQUEST	scalecube-greeting	20		greeting	1484771739674	1484771739675	OK	 
REQUEST	scalecube-greeting	20		greeting	1484771739704	1484771739706	OK	 
REQUEST	scalecube-greeting	20		greeting	1484771739734	1484771739735	OK	 
REQUEST	scalecube-greeting	20		greeting	1484771739764	1484771739765	OK	 
REQUEST	scalecube-greeting	20		greeting	1484771739794	1484771739795	OK	 
REQUEST	scalecube-greeting	20		greeting	1484771739824	1484771739826	OK	 
REQUEST	scalecube-greeting	20		greeting	1484771739853	1484771739855	OK	 
USER	scalecube-greeting	20	END	1484771739614	1484771739855
USER	scalecube-greeting	21	START	1484771739944	1484771739944
REQUEST	scalecube-greeting	21		greeting	1484771739944	1484771739948	OK	 
REQUEST	scalecube-greeting	21		greeting	1484771739948	1484771739950	OK	 
REQUEST	scalecube-greeting	21		greeting	1484771739974	1484771739975	OK	 
REQUEST	scalecube-greeting	21		greeting	1484771740004	1484771740005	OK	 
REQUEST	scalecube-greeting	21		greeting	1484771740034	1484771740035	OK	 
REQUEST	scalecube-greeting	21		greeting	1484771740064	1484771740065	OK	 
REQUEST	scalecube-greeting	21		greeting	1484771740093	1484771740095	OK	 
REQUEST	scalecube-greeting	21		greeting	1484771740124	1484771740125	OK	 
REQUEST	scalecube-greeting	21		greeting	1484771740153	1484771740155	OK	 
REQUEST	scalecube-greeting	21		greeting	1484771740184	1484771740185	OK	 
USER	scalecube-greeting	21	END	1484771739944	1484771740186
USER	scalecube-greeting	22	START	1484771740194	1484771740194
REQUEST	scalecube-greeting	22		greeting	1484771740194	1484771740199	OK	 
REQUEST	scalecube-greeting	22		greeting	1484771740199	1484771740201	OK	 
REQUEST	scalecube-greeting	22		greeting	1484771740223	1484771740226	OK	 
REQUEST	scalecube-greeting	22		greeting	1484771740254	1484771740255	OK	 
REQUEST	scalecube-greeting	22		greeting	1484771740284	1484771740286	OK	 
REQUEST	scalecube-greeting	22		greeting	1484771740314	1484771740315	OK	 
REQUEST	scalecube-greeting	22		greeting	1484771740344	1484771740345	OK	 
REQUEST	scalecube-greeting	22		greeting	1484771740373	1484771740375	OK	 
REQUEST	scalecube-greeting	22		greeting	1484771740404	1484771740405	OK	 
REQUEST	scalecube-greeting	22		greeting	1484771740433	1484771740435	OK	 
USER	scalecube-greeting	22	END	1484771740194	1484771740436
USER	scalecube-greeting	23	START	1484771740443	1484771740443
REQUEST	scalecube-greeting	23		greeting	1484771740444	1484771740447	OK	 
REQUEST	scalecube-greeting	23		greeting	1484771740448	1484771740449	OK	 
REQUEST	scalecube-greeting	23		greeting	1484771740474	1484771740476	OK	 
REQUEST	scalecube-greeting	23		greeting	1484771740503	1484771740505	OK	 
REQUEST	scalecube-greeting	23		greeting	1484771740534	1484771740535	OK	 
REQUEST	scalecube-greeting	23		greeting	1484771740563	1484771740565	OK	 
REQUEST	scalecube-greeting	23		greeting	1484771740594	1484771740595	OK	 
REQUEST	scalecube-greeting	23		greeting	1484771740623	1484771740625	OK	 
REQUEST	scalecube-greeting	23		greeting	1484771740654	1484771740655	OK	 
REQUEST	scalecube-greeting	23		greeting	1484771740684	1484771740685	OK	 
USER	scalecube-greeting	23	END	1484771740443	1484771740686
USER	scalecube-greeting	24	START	1484771740693	1484771740693
REQUEST	scalecube-greeting	24		greeting	1484771740693	1484771740698	OK	 
REQUEST	scalecube-greeting	24		greeting	1484771740699	1484771740701	OK	 
REQUEST	scalecube-greeting	24		greeting	1484771740724	1484771740726	OK	 
REQUEST	scalecube-greeting	24		greeting	1484771740754	1484771740756	OK	 
REQUEST	scalecube-greeting	24		greeting	1484771740783	1484771740785	OK	 
REQUEST	scalecube-greeting	24		greeting	1484771740814	1484771740815	OK	 
REQUEST	scalecube-greeting	24		greeting	1484771740844	1484771740846	OK	 
REQUEST	scalecube-greeting	24		greeting	1484771740874	1484771740875	OK	 
REQUEST	scalecube-greeting	24		greeting	1484771740904	1484771740906	OK	 
REQUEST	scalecube-greeting	24		greeting	1484771740934	1484771740935	OK	 
USER	scalecube-greeting	24	END	1484771740693	1484771740935
USER	scalecube-greeting	25	START	1484771740944	1484771740944
REQUEST	scalecube-greeting	25		greeting	1484771740944	1484771740946	OK	 
REQUEST	scalecube-greeting	25		greeting	1484771740946	1484771740948	OK	 
REQUEST	scalecube-greeting	25		greeting	1484771740973	1484771740975	OK	 
REQUEST	scalecube-greeting	25		greeting	1484771741004	1484771741005	OK	 
REQUEST	scalecube-greeting	25		greeting	1484771741034	1484771741036	OK	 
REQUEST	scalecube-greeting	25		greeting	1484771741064	1484771741065	OK	 
REQUEST	scalecube-greeting	25		greeting	1484771741094	1484771741095	OK	 
REQUEST	scalecube-greeting	25		greeting	1484771741123	1484771741125	OK	 
REQUEST	scalecube-greeting	25		greeting	1484771741154	1484771741155	OK	 
REQUEST	scalecube-greeting	25		greeting	1484771741183	1484771741185	OK	 
USER	scalecube-greeting	25	END	1484771740944	1484771741185
USER	scalecube-greeting	26	START	1484771741274	1484771741274
REQUEST	scalecube-greeting	26		greeting	1484771741274	1484771741277	OK	 
REQUEST	scalecube-greeting	26		greeting	1484771741277	1484771741279	OK	 
REQUEST	scalecube-greeting	26		greeting	1484771741304	1484771741306	OK	 
REQUEST	scalecube-greeting	26		greeting	1484771741334	1484771741335	OK	 
REQUEST	scalecube-greeting	26		greeting	1484771741364	1484771741366	OK	 
REQUEST	scalecube-greeting	26		greeting	1484771741394	1484771741395	OK	 
REQUEST	scalecube-greeting	26		greeting	1484771741424	1484771741425	OK	 
REQUEST	scalecube-greeting	26		greeting	1484771741453	1484771741455	OK	 
REQUEST	scalecube-greeting	26		greeting	1484771741484	1484771741485	OK	 
REQUEST	scalecube-greeting	26		greeting	1484771741513	1484771741514	OK	 
USER	scalecube-greeting	26	END	1484771741274	1484771741515
USER	scalecube-greeting	27	START	1484771741614	1484771741614
REQUEST	scalecube-greeting	27		greeting	1484771741614	1484771741617	OK	 
REQUEST	scalecube-greeting	27		greeting	1484771741618	1484771741619	OK	 
REQUEST	scalecube-greeting	27		greeting	1484771741644	1484771741646	OK	 
REQUEST	scalecube-greeting	27		greeting	1484771741674	1484771741675	OK	 
REQUEST	scalecube-greeting	27		greeting	1484771741704	1484771741705	OK	 
REQUEST	scalecube-greeting	27		greeting	1484771741733	1484771741735	OK	 
REQUEST	scalecube-greeting	27		greeting	1484771741764	1484771741765	OK	 
REQUEST	scalecube-greeting	27		greeting	1484771741793	1484771741796	OK	 
REQUEST	scalecube-greeting	27		greeting	1484771741824	1484771741825	OK	 
REQUEST	scalecube-greeting	27		greeting	1484771741853	1484771741855	OK	 
USER	scalecube-greeting	27	END	1484771741614	1484771741855
USER	scalecube-greeting	28	START	1484771741943	1484771741943
REQUEST	scalecube-greeting	28		greeting	1484771741944	1484771741946	OK	 
REQUEST	scalecube-greeting	28		greeting	1484771741946	1484771741947	OK	 
REQUEST	scalecube-greeting	28		greeting	1484771741974	1484771741976	OK	 
REQUEST	scalecube-greeting	28		greeting	1484771742004	1484771742005	OK	 
REQUEST	scalecube-greeting	28		greeting	1484771742034	1484771742035	OK	 
REQUEST	scalecube-greeting	28		greeting	1484771742063	1484771742064	OK	 
REQUEST	scalecube-greeting	28		greeting	1484771742094	1484771742095	OK	 
REQUEST	scalecube-greeting	28		greeting	1484771742124	1484771742125	OK	 
REQUEST	scalecube-greeting	28		greeting	1484771742154	1484771742156	OK	 
REQUEST	scalecube-greeting	28		greeting	1484771742184	1484771742185	OK	 
USER	scalecube-greeting	28	END	1484771741943	1484771742186
USER	scalecube-greeting	29	START	1484771742283	1484771742283
REQUEST	scalecube-greeting	29		greeting	1484771742284	1484771742285	OK	 
REQUEST	scalecube-greeting	29		greeting	1484771742286	1484771742287	OK	 
REQUEST	scalecube-greeting	29		greeting	1484771742314	1484771742315	OK	 
REQUEST	scalecube-greeting	29		greeting	1484771742343	1484771742345	OK	 
REQUEST	scalecube-greeting	29		greeting	1484771742374	1484771742376	OK	 
REQUEST	scalecube-greeting	29		greeting	1484771742403	1484771742405	OK	 
REQUEST	scalecube-greeting	29		greeting	1484771742434	1484771742435	OK	 
REQUEST	scalecube-greeting	29		greeting	1484771742463	1484771742464	OK	 
REQUEST	scalecube-greeting	29		greeting	1484771742494	1484771742495	OK	 
REQUEST	scalecube-greeting	29		greeting	1484771742524	1484771742525	OK	 
USER	scalecube-greeting	29	END	1484771742283	1484771742526
USER	scalecube-greeting	30	START	1484771742613	1484771742613
REQUEST	scalecube-greeting	30		greeting	1484771742614	1484771742616	OK	 
REQUEST	scalecube-greeting	30		greeting	1484771742616	1484771742617	OK	 
REQUEST	scalecube-greeting	30		greeting	1484771742644	1484771742646	OK	 
REQUEST	scalecube-greeting	30		greeting	1484771742674	1484771742675	OK	 
REQUEST	scalecube-greeting	30		greeting	1484771742704	1484771742705	OK	 
REQUEST	scalecube-greeting	30		greeting	1484771742734	1484771742736	OK	 
REQUEST	scalecube-greeting	30		greeting	1484771742764	1484771742765	OK	 
REQUEST	scalecube-greeting	30		greeting	1484771742794	1484771742795	OK	 
REQUEST	scalecube-greeting	30		greeting	1484771742824	1484771742825	OK	 
REQUEST	scalecube-greeting	30		greeting	1484771742854	1484771742855	OK	 
USER	scalecube-greeting	30	END	1484771742613	1484771742856
USER	scalecube-greeting	31	START	1484771742943	1484771742943
REQUEST	scalecube-greeting	31		greeting	1484771742943	1484771742946	OK	 
REQUEST	scalecube-greeting	31		greeting	1484771742946	1484771742948	OK	 
REQUEST	scalecube-greeting	31		greeting	1484771742973	1484771742975	OK	 
REQUEST	scalecube-greeting	31		greeting	1484771743004	1484771743005	OK	 
REQUEST	scalecube-greeting	31		greeting	1484771743034	1484771743035	OK	 
REQUEST	scalecube-greeting	31		greeting	1484771743063	1484771743065	OK	 
REQUEST	scalecube-greeting	31		greeting	1484771743094	1484771743095	OK	 
REQUEST	scalecube-greeting	31		greeting	1484771743124	1484771743125	OK	 
REQUEST	scalecube-greeting	31		greeting	1484771743154	1484771743155	OK	 
REQUEST	scalecube-greeting	31		greeting	1484771743184	1484771743186	OK	 
USER	scalecube-greeting	31	END	1484771742943	1484771743186
USER	scalecube-greeting	32	START	1484771743194	1484771743194
REQUEST	scalecube-greeting	32		greeting	1484771743194	1484771743197	OK	 
REQUEST	scalecube-greeting	32		greeting	1484771743197	1484771743198	OK	 
REQUEST	scalecube-greeting	32		greeting	1484771743223	1484771743225	OK	 
REQUEST	scalecube-greeting	32		greeting	1484771743254	1484771743255	OK	 
REQUEST	scalecube-greeting	32		greeting	1484771743284	1484771743285	OK	 
REQUEST	scalecube-greeting	32		greeting	1484771743313	1484771743315	OK	 
REQUEST	scalecube-greeting	32		greeting	1484771743344	1484771743347	OK	 
REQUEST	scalecube-greeting	32		greeting	1484771743374	1484771743375	OK	 
REQUEST	scalecube-greeting	32		greeting	1484771743403	1484771743405	OK	 
REQUEST	scalecube-greeting	32		greeting	1484771743434	1484771743436	OK	 
USER	scalecube-greeting	32	END	1484771743194	1484771743436
USER	scalecube-greeting	33	START	1484771743443	1484771743443
REQUEST	scalecube-greeting	33		greeting	1484771743444	1484771743446	OK	 
REQUEST	scalecube-greeting	33		greeting	1484771743447	1484771743448	OK	 
REQUEST	scalecube-greeting	33		greeting	1484771743474	1484771743475	OK	 
REQUEST	scalecube-greeting	33		greeting	1484771743504	1484771743505	OK	 
REQUEST	scalecube-greeting	33		greeting	1484771743533	1484771743535	OK	 
REQUEST	scalecube-greeting	33		greeting	1484771743564	1484771743565	OK	 
REQUEST	scalecube-greeting	33		greeting	1484771743594	1484771743595	OK	 
REQUEST	scalecube-greeting	33		greeting	1484771743623	1484771743624	OK	 
REQUEST	scalecube-greeting	33		greeting	1484771743653	1484771743655	OK	 
REQUEST	scalecube-greeting	33		greeting	1484771743684	1484771743685	OK	 
USER	scalecube-greeting	33	END	1484771743443	1484771743686
USER	scalecube-greeting	34	START	1484771743694	1484771743694
REQUEST	scalecube-greeting	34		greeting	1484771743694	1484771743697	OK	 
REQUEST	scalecube-greeting	34		greeting	1484771743698	1484771743699	OK	 
REQUEST	scalecube-greeting	34		greeting	1484771743724	1484771743725	OK	 
REQUEST	scalecube-greeting	34		greeting	1484771743753	1484771743756	OK	 
REQUEST	scalecube-greeting	34		greeting	1484771743784	1484771743785	OK	 
REQUEST	scalecube-greeting	34		greeting	1484771743814	1484771743815	OK	 
REQUEST	scalecube-greeting	34		greeting	1484771743843	1484771743844	OK	 
REQUEST	scalecube-greeting	34		greeting	1484771743873	1484771743875	OK	 
REQUEST	scalecube-greeting	34		greeting	1484771743904	1484771743905	OK	 
REQUEST	scalecube-greeting	34		greeting	1484771743934	1484771743936	OK	 
USER	scalecube-greeting	34	END	1484771743694	1484771743936
USER	scalecube-greeting	35	START	1484771743944	1484771743944
REQUEST	scalecube-greeting	35		greeting	1484771743944	1484771743947	OK	 
REQUEST	scalecube-greeting	35		greeting	1484771743948	1484771743949	OK	 
REQUEST	scalecube-greeting	35		greeting	1484771743973	1484771743976	OK	 
REQUEST	scalecube-greeting	35		greeting	1484771744004	1484771744005	OK	 
REQUEST	scalecube-greeting	35		greeting	1484771744034	1484771744035	OK	 
REQUEST	scalecube-greeting	35		greeting	1484771744063	1484771744064	OK	 
REQUEST	scalecube-greeting	35		greeting	1484771744093	1484771744095	OK	 
REQUEST	scalecube-greeting	35		greeting	1484771744124	1484771744126	OK	 
REQUEST	scalecube-greeting	35		greeting	1484771744154	1484771744155	OK	 
REQUEST	scalecube-greeting	35		greeting	1484771744183	1484771744185	OK	 
USER	scalecube-greeting	35	END	1484771743944	1484771744185
USER	scalecube-greeting	36	START	1484771744274	1484771744274
REQUEST	scalecube-greeting	36		greeting	1484771744274	1484771744276	OK	 
REQUEST	scalecube-greeting	36		greeting	1484771744276	1484771744277	OK	 
REQUEST	scalecube-greeting	36		greeting	1484771744304	1484771744306	OK	 
REQUEST	scalecube-greeting	36		greeting	1484771744334	1484771744335	OK	 
REQUEST	scalecube-greeting	36		greeting	1484771744364	1484771744365	OK	 
REQUEST	scalecube-greeting	36		greeting	1484771744393	1484771744395	OK	 
REQUEST	scalecube-greeting	36		greeting	1484771744424	1484771744425	OK	 
REQUEST	scalecube-greeting	36		greeting	1484771744453	1484771744454	OK	 
REQUEST	scalecube-greeting	36		greeting	1484771744484	1484771744485	OK	 
REQUEST	scalecube-greeting	36		greeting	1484771744513	1484771744515	OK	 
USER	scalecube-greeting	36	END	1484771744274	1484771744515
USER	scalecube-greeting	37	START	1484771744614	1484771744614
REQUEST	scalecube-greeting	37		greeting	1484771744614	1484771744616	OK	 
REQUEST	scalecube-greeting	37		greeting	1484771744617	1484771744619	OK	 
REQUEST	scalecube-greeting	37		greeting	1484771744644	1484771744646	OK	 
REQUEST	scalecube-greeting	37		greeting	1484771744674	1484771744675	OK	 
REQUEST	scalecube-greeting	37		greeting	1484771744704	1484771744705	OK	 
REQUEST	scalecube-greeting	37		greeting	1484771744734	1484771744735	OK	 
REQUEST	scalecube-greeting	37		greeting	1484771744764	1484771744765	OK	 
REQUEST	scalecube-greeting	37		greeting	1484771744794	1484771744795	OK	 
REQUEST	scalecube-greeting	37		greeting	1484771744824	1484771744825	OK	 
REQUEST	scalecube-greeting	37		greeting	1484771744853	1484771744855	OK	 
USER	scalecube-greeting	37	END	1484771744614	1484771744855
USER	scalecube-greeting	38	START	1484771744944	1484771744944
REQUEST	scalecube-greeting	38		greeting	1484771744944	1484771744947	OK	 
REQUEST	scalecube-greeting	38		greeting	1484771744947	1484771744948	OK	 
REQUEST	scalecube-greeting	38		greeting	1484771744974	1484771744975	OK	 
REQUEST	scalecube-greeting	38		greeting	1484771745003	1484771745005	OK	 
REQUEST	scalecube-greeting	38		greeting	1484771745034	1484771745035	OK	 
REQUEST	scalecube-greeting	38		greeting	1484771745063	1484771745064	OK	 
REQUEST	scalecube-greeting	38		greeting	1484771745094	1484771745095	OK	 
REQUEST	scalecube-greeting	38		greeting	1484771745124	1484771745126	OK	 
REQUEST	scalecube-greeting	38		greeting	1484771745154	1484771745155	OK	 
REQUEST	scalecube-greeting	38		greeting	1484771745184	1484771745187	OK	 
USER	scalecube-greeting	38	END	1484771744944	1484771745187
USER	scalecube-greeting	39	START	1484771745284	1484771745284
REQUEST	scalecube-greeting	39		greeting	1484771745284	1484771745287	OK	 
REQUEST	scalecube-greeting	39		greeting	1484771745288	1484771745289	OK	 
REQUEST	scalecube-greeting	39		greeting	1484771745313	1484771745315	OK	 
REQUEST	scalecube-greeting	39		greeting	1484771745344	1484771745345	OK	 
REQUEST	scalecube-greeting	39		greeting	1484771745374	1484771745375	OK	 
REQUEST	scalecube-greeting	39		greeting	1484771745403	1484771745404	OK	 
REQUEST	scalecube-greeting	39		greeting	1484771745434	1484771745436	OK	 
REQUEST	scalecube-greeting	39		greeting	1484771745464	1484771745465	OK	 
REQUEST	scalecube-greeting	39		greeting	1484771745494	1484771745495	OK	 
REQUEST	scalecube-greeting	39		greeting	1484771745523	1484771745525	OK	 
USER	scalecube-greeting	39	END	1484771745284	1484771745525
USER	scalecube-greeting	40	START	1484771745613	1484771745613
REQUEST	scalecube-greeting	40		greeting	1484771745613	1484771745615	OK	 
REQUEST	scalecube-greeting	40		greeting	1484771745616	1484771745617	OK	 
REQUEST	scalecube-greeting	40		greeting	1484771745644	1484771745645	OK	 
REQUEST	scalecube-greeting	40		greeting	1484771745674	1484771745675	OK	 
REQUEST	scalecube-greeting	40		greeting	1484771745703	1484771745705	OK	 
REQUEST	scalecube-greeting	40		greeting	1484771745734	1484771745735	OK	 
REQUEST	scalecube-greeting	40		greeting	1484771745765	1484771745766	OK	 
REQUEST	scalecube-greeting	40		greeting	1484771745793	1484771745795	OK	 
REQUEST	scalecube-greeting	40		greeting	1484771745824	1484771745825	OK	 
REQUEST	scalecube-greeting	40		greeting	1484771745854	1484771745856	OK	 
USER	scalecube-greeting	40	END	1484771745613	1484771745856
USER	scalecube-greeting	41	START	1484771745944	1484771745944
REQUEST	scalecube-greeting	41		greeting	1484771745944	1484771745947	OK	 
REQUEST	scalecube-greeting	41		greeting	1484771745948	1484771745949	OK	 
REQUEST	scalecube-greeting	41		greeting	1484771745973	1484771745975	OK	 
REQUEST	scalecube-greeting	41		greeting	1484771746003	1484771746005	OK	 
REQUEST	scalecube-greeting	41		greeting	1484771746034	1484771746035	OK	 
REQUEST	scalecube-greeting	41		greeting	1484771746064	1484771746065	OK	 
REQUEST	scalecube-greeting	41		greeting	1484771746093	1484771746095	OK	 
REQUEST	scalecube-greeting	41		greeting	1484771746124	1484771746125	OK	 
REQUEST	scalecube-greeting	41		greeting	1484771746154	1484771746155	OK	 
REQUEST	scalecube-greeting	41		greeting	1484771746183	1484771746185	OK	 
USER	scalecube-greeting	41	END	1484771745944	1484771746185
USER	scalecube-greeting	42	START	1484771746193	1484771746193
REQUEST	scalecube-greeting	42		greeting	1484771746193	1484771746195	OK	 
REQUEST	scalecube-greeting	42		greeting	1484771746196	1484771746196	OK	 
REQUEST	scalecube-greeting	42		greeting	1484771746224	1484771746225	OK	 
REQUEST	scalecube-greeting	42		greeting	1484771746254	1484771746255	OK	 
REQUEST	scalecube-greeting	42		greeting	1484771746284	1484771746285	OK	 
REQUEST	scalecube-greeting	42		greeting	1484771746314	1484771746316	OK	 
REQUEST	scalecube-greeting	42		greeting	1484771746343	1484771746345	OK	 
REQUEST	scalecube-greeting	42		greeting	1484771746374	1484771746376	OK	 
REQUEST	scalecube-greeting	42		greeting	1484771746403	1484771746406	OK	 
REQUEST	scalecube-greeting	42		greeting	1484771746434	1484771746437	OK	 
USER	scalecube-greeting	42	END	1484771746193	1484771746438
USER	scalecube-greeting	43	START	1484771746444	1484771746444
REQUEST	scalecube-greeting	43		greeting	1484771746444	1484771746449	OK	 
REQUEST	scalecube-greeting	43		greeting	1484771746450	1484771746452	OK	 
REQUEST	scalecube-greeting	43		greeting	1484771746474	1484771746476	OK	 
REQUEST	scalecube-greeting	43		greeting	1484771746504	1484771746506	OK	 
REQUEST	scalecube-greeting	43		greeting	1484771746534	1484771746535	OK	 
REQUEST	scalecube-greeting	43		greeting	1484771746564	1484771746566	OK	 
REQUEST	scalecube-greeting	43		greeting	1484771746593	1484771746595	OK	 
REQUEST	scalecube-greeting	43		greeting	1484771746624	1484771746625	OK	 
REQUEST	scalecube-greeting	43		greeting	1484771746653	1484771746656	OK	 
REQUEST	scalecube-greeting	43		greeting	1484771746684	1484771746687	OK	 
USER	scalecube-greeting	43	END	1484771746444	1484771746688
USER	scalecube-greeting	44	START	1484771746694	1484771746694
REQUEST	scalecube-greeting	44		greeting	1484771746694	1484771746699	OK	 
REQUEST	scalecube-greeting	44		greeting	1484771746700	1484771746702	OK	 
REQUEST	scalecube-greeting	44		greeting	1484771746724	1484771746726	OK	 
REQUEST	scalecube-greeting	44		greeting	1484771746754	1484771746756	OK	 
REQUEST	scalecube-greeting	44		greeting	1484771746784	1484771746786	OK	 
REQUEST	scalecube-greeting	44		greeting	1484771746814	1484771746817	OK	 
REQUEST	scalecube-greeting	44		greeting	1484771746844	1484771746846	OK	 
REQUEST	scalecube-greeting	44		greeting	1484771746873	1484771746875	OK	 
REQUEST	scalecube-greeting	44		greeting	1484771746904	1484771746906	OK	 
REQUEST	scalecube-greeting	44		greeting	1484771746934	1484771746937	OK	 
USER	scalecube-greeting	44	END	1484771746694	1484771746939
USER	scalecube-greeting	45	START	1484771746944	1484771746944
REQUEST	scalecube-greeting	45		greeting	1484771746944	1484771746949	OK	 
REQUEST	scalecube-greeting	45		greeting	1484771746949	1484771746951	OK	 
REQUEST	scalecube-greeting	45		greeting	1484771746974	1484771746976	OK	 
REQUEST	scalecube-greeting	45		greeting	1484771747004	1484771747006	OK	 
REQUEST	scalecube-greeting	45		greeting	1484771747034	1484771747036	OK	 
REQUEST	scalecube-greeting	45		greeting	1484771747064	1484771747066	OK	 
REQUEST	scalecube-greeting	45		greeting	1484771747094	1484771747097	OK	 
REQUEST	scalecube-greeting	45		greeting	1484771747124	1484771747127	OK	 
REQUEST	scalecube-greeting	45		greeting	1484771747154	1484771747157	OK	 
REQUEST	scalecube-greeting	45		greeting	1484771747184	1484771747187	OK	 
USER	scalecube-greeting	45	END	1484771746944	1484771747188
USER	scalecube-greeting	46	START	1484771747274	1484771747274
REQUEST	scalecube-greeting	46		greeting	1484771747274	1484771747276	OK	 
REQUEST	scalecube-greeting	46		greeting	1484771747277	1484771747278	OK	 
REQUEST	scalecube-greeting	46		greeting	1484771747304	1484771747306	OK	 
REQUEST	scalecube-greeting	46		greeting	1484771747334	1484771747336	OK	 
REQUEST	scalecube-greeting	46		greeting	1484771747364	1484771747365	OK	 
REQUEST	scalecube-greeting	46		greeting	1484771747394	1484771747396	OK	 
REQUEST	scalecube-greeting	46		greeting	1484771747423	1484771747424	OK	 
REQUEST	scalecube-greeting	46		greeting	1484771747454	1484771747455	OK	 
REQUEST	scalecube-greeting	46		greeting	1484771747483	1484771747484	OK	 
REQUEST	scalecube-greeting	46		greeting	1484771747514	1484771747516	OK	 
USER	scalecube-greeting	46	END	1484771747274	1484771747516
USER	scalecube-greeting	47	START	1484771747614	1484771747614
REQUEST	scalecube-greeting	47		greeting	1484771747614	1484771747616	OK	 
REQUEST	scalecube-greeting	47		greeting	1484771747616	1484771747617	OK	 
REQUEST	scalecube-greeting	47		greeting	1484771747644	1484771747645	OK	 
REQUEST	scalecube-greeting	47		greeting	1484771747674	1484771747675	OK	 
REQUEST	scalecube-greeting	47		greeting	1484771747704	1484771747705	OK	 
REQUEST	scalecube-greeting	47		greeting	1484771747734	1484771747735	OK	 
REQUEST	scalecube-greeting	47		greeting	1484771747763	1484771747765	OK	 
REQUEST	scalecube-greeting	47		greeting	1484771747794	1484771747795	OK	 
REQUEST	scalecube-greeting	47		greeting	1484771747823	1484771747824	OK	 
REQUEST	scalecube-greeting	47		greeting	1484771747854	1484771747855	OK	 
USER	scalecube-greeting	47	END	1484771747614	1484771747855
USER	scalecube-greeting	48	START	1484771747944	1484771747944
REQUEST	scalecube-greeting	48		greeting	1484771747944	1484771747947	OK	 
REQUEST	scalecube-greeting	48		greeting	1484771747947	1484771747948	OK	 
REQUEST	scalecube-greeting	48		greeting	1484771747973	1484771747974	OK	 
REQUEST	scalecube-greeting	48		greeting	1484771748004	1484771748005	OK	 
REQUEST	scalecube-greeting	48		greeting	1484771748033	1484771748035	OK	 
REQUEST	scalecube-greeting	48		greeting	1484771748064	1484771748065	OK	 
REQUEST	scalecube-greeting	48		greeting	1484771748094	1484771748095	OK	 
REQUEST	scalecube-greeting	48		greeting	1484771748123	1484771748124	OK	 
REQUEST	scalecube-greeting	48		greeting	1484771748154	1484771748155	OK	 
REQUEST	scalecube-greeting	48		greeting	1484771748184	1484771748185	OK	 
USER	scalecube-greeting	48	END	1484771747944	1484771748186
USER	scalecube-greeting	49	START	1484771748274	1484771748274
REQUEST	scalecube-greeting	49		greeting	1484771748274	1484771748276	OK	 
REQUEST	scalecube-greeting	49		greeting	1484771748277	1484771748278	OK	 
REQUEST	scalecube-greeting	49		greeting	1484771748304	1484771748305	OK	 
REQUEST	scalecube-greeting	49		greeting	1484771748333	1484771748335	OK	 
REQUEST	scalecube-greeting	49		greeting	1484771748364	1484771748365	OK	 
REQUEST	scalecube-greeting	49		greeting	1484771748394	1484771748395	OK	 
REQUEST	scalecube-greeting	49		greeting	1484771748424	1484771748425	OK	 
REQUEST	scalecube-greeting	49		greeting	1484771748453	1484771748455	OK	 
REQUEST	scalecube-greeting	49		greeting	1484771748484	1484771748485	OK	 
REQUEST	scalecube-greeting	49		greeting	1484771748514	1484771748515	OK	 
USER	scalecube-greeting	49	END	1484771748274	1484771748515
USER	scalecube-greeting	50	START	1484771748614	1484771748614
REQUEST	scalecube-greeting	50		greeting	1484771748614	1484771748615	OK	 
REQUEST	scalecube-greeting	50		greeting	1484771748616	1484771748617	OK	 
REQUEST	scalecube-greeting	50		greeting	1484771748643	1484771748644	OK	 
REQUEST	scalecube-greeting	50		greeting	1484771748673	1484771748674	OK	 
REQUEST	scalecube-greeting	50		greeting	1484771748704	1484771748705	OK	 
REQUEST	scalecube-greeting	50		greeting	1484771748734	1484771748735	OK	 
REQUEST	scalecube-greeting	50		greeting	1484771748763	1484771748764	OK	 
REQUEST	scalecube-greeting	50		greeting	1484771748794	1484771748795	OK	 
REQUEST	scalecube-greeting	50		greeting	1484771748824	1484771748825	OK	 
REQUEST	scalecube-greeting	50		greeting	1484771748853	1484771748854	OK	 
USER	scalecube-greeting	50	END	1484771748614	1484771748856
USER	scalecube-greeting	51	START	1484771748944	1484771748944
REQUEST	scalecube-greeting	51		greeting	1484771748944	1484771748946	OK	 
REQUEST	scalecube-greeting	51		greeting	1484771748946	1484771748948	OK	 
REQUEST	scalecube-greeting	51		greeting	1484771748973	1484771748975	OK	 
REQUEST	scalecube-greeting	51		greeting	1484771749004	1484771749005	OK	 
REQUEST	scalecube-greeting	51		greeting	1484771749034	1484771749035	OK	 
REQUEST	scalecube-greeting	51		greeting	1484771749063	1484771749065	OK	 
REQUEST	scalecube-greeting	51		greeting	1484771749094	1484771749095	OK	 
REQUEST	scalecube-greeting	51		greeting	1484771749124	1484771749125	OK	 
REQUEST	scalecube-greeting	51		greeting	1484771749153	1484771749155	OK	 
REQUEST	scalecube-greeting	51		greeting	1484771749184	1484771749185	OK	 
USER	scalecube-greeting	51	END	1484771748944	1484771749185
USER	scalecube-greeting	52	START	1484771749194	1484771749194
REQUEST	scalecube-greeting	52		greeting	1484771749194	1484771749196	OK	 
REQUEST	scalecube-greeting	52		greeting	1484771749197	1484771749198	OK	 
REQUEST	scalecube-greeting	52		greeting	1484771749224	1484771749225	OK	 
REQUEST	scalecube-greeting	52		greeting	1484771749253	1484771749254	OK	 
REQUEST	scalecube-greeting	52		greeting	1484771749284	1484771749285	OK	 
REQUEST	scalecube-greeting	52		greeting	1484771749314	1484771749315	OK	 
REQUEST	scalecube-greeting	52		greeting	1484771749344	1484771749345	OK	 
REQUEST	scalecube-greeting	52		greeting	1484771749374	1484771749375	OK	 
REQUEST	scalecube-greeting	52		greeting	1484771749403	1484771749404	OK	 
REQUEST	scalecube-greeting	52		greeting	1484771749434	1484771749435	OK	 
USER	scalecube-greeting	52	END	1484771749194	1484771749435
USER	scalecube-greeting	53	START	1484771749444	1484771749444
REQUEST	scalecube-greeting	53		greeting	1484771749444	1484771749445	OK	 
REQUEST	scalecube-greeting	53		greeting	1484771749446	1484771749447	OK	 
REQUEST	scalecube-greeting	53		greeting	1484771749473	1484771749474	OK	 
REQUEST	scalecube-greeting	53		greeting	1484771749504	1484771749505	OK	 
REQUEST	scalecube-greeting	53		greeting	1484771749533	1484771749534	OK	 
REQUEST	scalecube-greeting	53		greeting	1484771749564	1484771749565	OK	 
REQUEST	scalecube-greeting	53		greeting	1484771749594	1484771749595	OK	 
REQUEST	scalecube-greeting	53		greeting	1484771749624	1484771749625	OK	 
REQUEST	scalecube-greeting	53		greeting	1484771749654	1484771749655	OK	 
REQUEST	scalecube-greeting	53		greeting	1484771749683	1484771749684	OK	 
USER	scalecube-greeting	53	END	1484771749444	1484771749685
USER	scalecube-greeting	54	START	1484771749693	1484771749693
REQUEST	scalecube-greeting	54		greeting	1484771749694	1484771749695	OK	 
REQUEST	scalecube-greeting	54		greeting	1484771749696	1484771749697	OK	 
REQUEST	scalecube-greeting	54		greeting	1484771749724	1484771749725	OK	 
REQUEST	scalecube-greeting	54		greeting	1484771749753	1484771749754	OK	 
REQUEST	scalecube-greeting	54		greeting	1484771749784	1484771749785	OK	 
REQUEST	scalecube-greeting	54		greeting	1484771749814	1484771749815	OK	 
REQUEST	scalecube-greeting	54		greeting	1484771749844	1484771749845	OK	 
REQUEST	scalecube-greeting	54		greeting	1484771749874	1484771749876	OK	 
REQUEST	scalecube-greeting	54		greeting	1484771749904	1484771749905	OK	 
REQUEST	scalecube-greeting	54		greeting	1484771749934	1484771749936	OK	 
USER	scalecube-greeting	54	END	1484771749693	1484771749936
USER	scalecube-greeting	55	START	1484771749943	1484771749943
REQUEST	scalecube-greeting	55		greeting	1484771749943	1484771749946	OK	 
REQUEST	scalecube-greeting	55		greeting	1484771749946	1484771749948	OK	 
REQUEST	scalecube-greeting	55		greeting	1484771749974	1484771749975	OK	 
REQUEST	scalecube-greeting	55		greeting	1484771750004	1484771750005	OK	 
REQUEST	scalecube-greeting	55		greeting	1484771750034	1484771750035	OK	 
REQUEST	scalecube-greeting	55		greeting	1484771750064	1484771750065	OK	 
REQUEST	scalecube-greeting	55		greeting	1484771750093	1484771750094	OK	 
REQUEST	scalecube-greeting	55		greeting	1484771750124	1484771750125	OK	 
REQUEST	scalecube-greeting	55		greeting	1484771750153	1484771750154	OK	 
REQUEST	scalecube-greeting	55		greeting	1484771750184	1484771750185	OK	 
USER	scalecube-greeting	55	END	1484771749943	1484771750185
USER	scalecube-greeting	56	START	1484771750274	1484771750274
REQUEST	scalecube-greeting	56		greeting	1484771750274	1484771750276	OK	 
REQUEST	scalecube-greeting	56		greeting	1484771750276	1484771750277	OK	 
REQUEST	scalecube-greeting	56		greeting	1484771750304	1484771750305	OK	 
REQUEST	scalecube-greeting	56		greeting	1484771750333	1484771750335	OK	 
REQUEST	scalecube-greeting	56		greeting	1484771750364	1484771750365	OK	 
REQUEST	scalecube-greeting	56		greeting	1484771750394	1484771750395	OK	 
REQUEST	scalecube-greeting	56		greeting	1484771750425	1484771750426	OK	 
REQUEST	scalecube-greeting	56		greeting	1484771750453	1484771750455	OK	 
REQUEST	scalecube-greeting	56		greeting	1484771750484	1484771750485	OK	 
REQUEST	scalecube-greeting	56		greeting	1484771750514	1484771750515	OK	 
USER	scalecube-greeting	56	END	1484771750274	1484771750515
USER	scalecube-greeting	57	START	1484771750614	1484771750614
REQUEST	scalecube-greeting	57		greeting	1484771750614	1484771750616	OK	 
REQUEST	scalecube-greeting	57		greeting	1484771750616	1484771750617	OK	 
REQUEST	scalecube-greeting	57		greeting	1484771750643	1484771750644	OK	 
REQUEST	scalecube-greeting	57		greeting	1484771750673	1484771750676	OK	 
REQUEST	scalecube-greeting	57		greeting	1484771750704	1484771750705	OK	 
REQUEST	scalecube-greeting	57		greeting	1484771750734	1484771750735	OK	 
REQUEST	scalecube-greeting	57		greeting	1484771750763	1484771750764	OK	 
REQUEST	scalecube-greeting	57		greeting	1484771750794	1484771750795	OK	 
REQUEST	scalecube-greeting	57		greeting	1484771750824	1484771750825	OK	 
REQUEST	scalecube-greeting	57		greeting	1484771750854	1484771750855	OK	 
USER	scalecube-greeting	57	END	1484771750614	1484771750856
USER	scalecube-greeting	58	START	1484771750944	1484771750944
REQUEST	scalecube-greeting	58		greeting	1484771750944	1484771750947	OK	 
REQUEST	scalecube-greeting	58		greeting	1484771750948	1484771750948	OK	 
REQUEST	scalecube-greeting	58		greeting	1484771750974	1484771750975	OK	 
REQUEST	scalecube-greeting	58		greeting	1484771751003	1484771751004	OK	 
REQUEST	scalecube-greeting	58		greeting	1484771751034	1484771751035	OK	 
REQUEST	scalecube-greeting	58		greeting	1484771751064	1484771751065	OK	 
REQUEST	scalecube-greeting	58		greeting	1484771751094	1484771751095	OK	 
REQUEST	scalecube-greeting	58		greeting	1484771751123	1484771751126	OK	 
REQUEST	scalecube-greeting	58		greeting	1484771751154	1484771751155	OK	 
REQUEST	scalecube-greeting	58		greeting	1484771751184	1484771751185	OK	 
USER	scalecube-greeting	58	END	1484771750944	1484771751186
USER	scalecube-greeting	59	START	1484771751273	1484771751273
REQUEST	scalecube-greeting	59		greeting	1484771751274	1484771751275	OK	 
REQUEST	scalecube-greeting	59		greeting	1484771751276	1484771751277	OK	 
REQUEST	scalecube-greeting	59		greeting	1484771751304	1484771751305	OK	 
REQUEST	scalecube-greeting	59		greeting	1484771751334	1484771751335	OK	 
REQUEST	scalecube-greeting	59		greeting	1484771751364	1484771751365	OK	 
REQUEST	scalecube-greeting	59		greeting	1484771751393	1484771751394	OK	 
REQUEST	scalecube-greeting	59		greeting	1484771751424	1484771751425	OK	 
REQUEST	scalecube-greeting	59		greeting	1484771751454	1484771751455	OK	 
REQUEST	scalecube-greeting	59		greeting	1484771751484	1484771751485	OK	 
REQUEST	scalecube-greeting	59		greeting	1484771751514	1484771751515	OK	 
USER	scalecube-greeting	59	END	1484771751273	1484771751515
USER	scalecube-greeting	60	START	1484771751614	1484771751614
REQUEST	scalecube-greeting	60		greeting	1484771751614	1484771751615	OK	 
REQUEST	scalecube-greeting	60		greeting	1484771751615	1484771751616	OK	 
REQUEST	scalecube-greeting	60		greeting	1484771751644	1484771751645	OK	 
REQUEST	scalecube-greeting	60		greeting	1484771751673	1484771751674	OK	 
REQUEST	scalecube-greeting	60		greeting	1484771751703	1484771751705	OK	 
REQUEST	scalecube-greeting	60		greeting	1484771751734	1484771751735	OK	 
REQUEST	scalecube-greeting	60		greeting	1484771751763	1484771751764	OK	 
REQUEST	scalecube-greeting	60		greeting	1484771751794	1484771751795	OK	 
REQUEST	scalecube-greeting	60		greeting	1484771751824	1484771751826	OK	 
REQUEST	scalecube-greeting	60		greeting	1484771751854	1484771751855	OK	 
USER	scalecube-greeting	60	END	1484771751614	1484771751855
USER	scalecube-greeting	61	START	1484771751944	1484771751944
REQUEST	scalecube-greeting	61		greeting	1484771751944	1484771751945	OK	 
REQUEST	scalecube-greeting	61		greeting	1484771751946	1484771751946	OK	 
REQUEST	scalecube-greeting	61		greeting	1484771751973	1484771751974	OK	 
REQUEST	scalecube-greeting	61		greeting	1484771752004	1484771752005	OK	 
REQUEST	scalecube-greeting	61		greeting	1484771752034	1484771752035	OK	 
REQUEST	scalecube-greeting	61		greeting	1484771752064	1484771752065	OK	 
REQUEST	scalecube-greeting	61		greeting	1484771752094	1484771752095	OK	 
REQUEST	scalecube-greeting	61		greeting	1484771752123	1484771752125	OK	 
REQUEST	scalecube-greeting	61		greeting	1484771752154	1484771752155	OK	 
REQUEST	scalecube-greeting	61		greeting	1484771752184	1484771752185	OK	 
USER	scalecube-greeting	61	END	1484771751944	1484771752186
USER	scalecube-greeting	62	START	1484771752194	1484771752194
REQUEST	scalecube-greeting	62		greeting	1484771752194	1484771752196	OK	 
REQUEST	scalecube-greeting	62		greeting	1484771752196	1484771752197	OK	 
REQUEST	scalecube-greeting	62		greeting	1484771752224	1484771752225	OK	 
REQUEST	scalecube-greeting	62		greeting	1484771752254	1484771752255	OK	 
REQUEST	scalecube-greeting	62		greeting	1484771752284	1484771752285	OK	 
REQUEST	scalecube-greeting	62		greeting	1484771752314	1484771752315	OK	 
REQUEST	scalecube-greeting	62		greeting	1484771752343	1484771752344	OK	 
REQUEST	scalecube-greeting	62		greeting	1484771752374	1484771752374	OK	 
REQUEST	scalecube-greeting	62		greeting	1484771752404	1484771752405	OK	 
REQUEST	scalecube-greeting	62		greeting	1484771752433	1484771752435	OK	 
USER	scalecube-greeting	62	END	1484771752194	1484771752436
USER	scalecube-greeting	63	START	1484771752443	1484771752443
REQUEST	scalecube-greeting	63		greeting	1484771752444	1484771752446	OK	 
REQUEST	scalecube-greeting	63		greeting	1484771752446	1484771752447	OK	 
REQUEST	scalecube-greeting	63		greeting	1484771752474	1484771752475	OK	 
REQUEST	scalecube-greeting	63		greeting	1484771752503	1484771752504	OK	 
REQUEST	scalecube-greeting	63		greeting	1484771752534	1484771752535	OK	 
REQUEST	scalecube-greeting	63		greeting	1484771752564	1484771752565	OK	 
REQUEST	scalecube-greeting	63		greeting	1484771752593	1484771752595	OK	 
REQUEST	scalecube-greeting	63		greeting	1484771752624	1484771752626	OK	 
REQUEST	scalecube-greeting	63		greeting	1484771752654	1484771752656	OK	 
REQUEST	scalecube-greeting	63		greeting	1484771752683	1484771752686	OK	 
USER	scalecube-greeting	63	END	1484771752443	1484771752687
USER	scalecube-greeting	64	START	1484771752693	1484771752693
REQUEST	scalecube-greeting	64		greeting	1484771752694	1484771752697	OK	 
REQUEST	scalecube-greeting	64		greeting	1484771752697	1484771752699	OK	 
REQUEST	scalecube-greeting	64		greeting	1484771752724	1484771752725	OK	 
REQUEST	scalecube-greeting	64		greeting	1484771752753	1484771752754	OK	 
REQUEST	scalecube-greeting	64		greeting	1484771752784	1484771752785	OK	 
REQUEST	scalecube-greeting	64		greeting	1484771752814	1484771752815	OK	 
REQUEST	scalecube-greeting	64		greeting	1484771752844	1484771752845	OK	 
REQUEST	scalecube-greeting	64		greeting	1484771752874	1484771752875	OK	 
REQUEST	scalecube-greeting	64		greeting	1484771752903	1484771752905	OK	 
REQUEST	scalecube-greeting	64		greeting	1484771752934	1484771752937	OK	 
USER	scalecube-greeting	64	END	1484771752693	1484771752939
USER	scalecube-greeting	65	START	1484771752943	1484771752943
REQUEST	scalecube-greeting	65		greeting	1484771752943	1484771752947	OK	 
REQUEST	scalecube-greeting	65		greeting	1484771752948	1484771752957	OK	 
REQUEST	scalecube-greeting	65		greeting	1484771752984	1484771752985	OK	 
REQUEST	scalecube-greeting	65		greeting	1484771753013	1484771753014	OK	 
REQUEST	scalecube-greeting	65		greeting	1484771753044	1484771753045	OK	 
REQUEST	scalecube-greeting	65		greeting	1484771753074	1484771753075	OK	 
REQUEST	scalecube-greeting	65		greeting	1484771753103	1484771753104	OK	 
REQUEST	scalecube-greeting	65		greeting	1484771753134	1484771753135	OK	 
REQUEST	scalecube-greeting	65		greeting	1484771753163	1484771753165	OK	 
REQUEST	scalecube-greeting	65		greeting	1484771753194	1484771753195	OK	 
USER	scalecube-greeting	65	END	1484771752943	1484771753195
USER	scalecube-greeting	66	START	1484771753273	1484771753273
REQUEST	scalecube-greeting	66		greeting	1484771753273	1484771753275	OK	 
REQUEST	scalecube-greeting	66		greeting	1484771753275	1484771753276	OK	 
REQUEST	scalecube-greeting	66		greeting	1484771753304	1484771753305	OK	 
REQUEST	scalecube-greeting	66		greeting	1484771753334	1484771753335	OK	 
REQUEST	scalecube-greeting	66		greeting	1484771753363	1484771753364	OK	 
REQUEST	scalecube-greeting	66		greeting	1484771753393	1484771753395	OK	 
REQUEST	scalecube-greeting	66		greeting	1484771753424	1484771753425	OK	 
REQUEST	scalecube-greeting	66		greeting	1484771753453	1484771753454	OK	 
REQUEST	scalecube-greeting	66		greeting	1484771753484	1484771753484	OK	 
REQUEST	scalecube-greeting	66		greeting	1484771753514	1484771753515	OK	 
USER	scalecube-greeting	66	END	1484771753273	1484771753515
USER	scalecube-greeting	67	START	1484771753614	1484771753614
REQUEST	scalecube-greeting	67		greeting	1484771753614	1484771753615	OK	 
REQUEST	scalecube-greeting	67		greeting	1484771753615	1484771753616	OK	 
REQUEST	scalecube-greeting	67		greeting	1484771753644	1484771753645	OK	 
REQUEST	scalecube-greeting	67		greeting	1484771753673	1484771753674	OK	 
REQUEST	scalecube-greeting	67		greeting	1484771753704	1484771753705	OK	 
REQUEST	scalecube-greeting	67		greeting	1484771753734	1484771753736	OK	 
REQUEST	scalecube-greeting	67		greeting	1484771753763	1484771753764	OK	 
REQUEST	scalecube-greeting	67		greeting	1484771753793	1484771753794	OK	 
REQUEST	scalecube-greeting	67		greeting	1484771753824	1484771753825	OK	 
REQUEST	scalecube-greeting	67		greeting	1484771753854	1484771753855	OK	 
USER	scalecube-greeting	67	END	1484771753614	1484771753855
USER	scalecube-greeting	68	START	1484771753943	1484771753943
REQUEST	scalecube-greeting	68		greeting	1484771753943	1484771753945	OK	 
REQUEST	scalecube-greeting	68		greeting	1484771753946	1484771753946	OK	 
REQUEST	scalecube-greeting	68		greeting	1484771753973	1484771753974	OK	 
REQUEST	scalecube-greeting	68		greeting	1484771754004	1484771754005	OK	 
REQUEST	scalecube-greeting	68		greeting	1484771754034	1484771754036	OK	 
REQUEST	scalecube-greeting	68		greeting	1484771754063	1484771754064	OK	 
REQUEST	scalecube-greeting	68		greeting	1484771754094	1484771754095	OK	 
REQUEST	scalecube-greeting	68		greeting	1484771754124	1484771754125	OK	 
REQUEST	scalecube-greeting	68		greeting	1484771754153	1484771754154	OK	 
REQUEST	scalecube-greeting	68		greeting	1484771754183	1484771754184	OK	 
USER	scalecube-greeting	68	END	1484771753943	1484771754185
USER	scalecube-greeting	69	START	1484771754273	1484771754273
REQUEST	scalecube-greeting	69		greeting	1484771754273	1484771754275	OK	 
REQUEST	scalecube-greeting	69		greeting	1484771754275	1484771754276	OK	 
REQUEST	scalecube-greeting	69		greeting	1484771754304	1484771754305	OK	 
REQUEST	scalecube-greeting	69		greeting	1484771754333	1484771754335	OK	 
REQUEST	scalecube-greeting	69		greeting	1484771754364	1484771754366	OK	 
REQUEST	scalecube-greeting	69		greeting	1484771754393	1484771754395	OK	 
REQUEST	scalecube-greeting	69		greeting	1484771754424	1484771754425	OK	 
REQUEST	scalecube-greeting	69		greeting	1484771754453	1484771754454	OK	 
REQUEST	scalecube-greeting	69		greeting	1484771754484	1484771754485	OK	 
REQUEST	scalecube-greeting	69		greeting	1484771754514	1484771754515	OK	 
USER	scalecube-greeting	69	END	1484771754273	1484771754515
USER	scalecube-greeting	70	START	1484771754613	1484771754613
REQUEST	scalecube-greeting	70		greeting	1484771754614	1484771754615	OK	 
REQUEST	scalecube-greeting	70		greeting	1484771754615	1484771754616	OK	 
REQUEST	scalecube-greeting	70		greeting	1484771754644	1484771754645	OK	 
REQUEST	scalecube-greeting	70		greeting	1484771754673	1484771754674	OK	 
REQUEST	scalecube-greeting	70		greeting	1484771754704	1484771754705	OK	 
REQUEST	scalecube-greeting	70		greeting	1484771754733	1484771754734	OK	 
REQUEST	scalecube-greeting	70		greeting	1484771754764	1484771754765	OK	 
REQUEST	scalecube-greeting	70		greeting	1484771754794	1484771754795	OK	 
REQUEST	scalecube-greeting	70		greeting	1484771754824	1484771754825	OK	 
REQUEST	scalecube-greeting	70		greeting	1484771754854	1484771754855	OK	 
USER	scalecube-greeting	70	END	1484771754613	1484771754855
USER	scalecube-greeting	71	START	1484771754943	1484771754943
REQUEST	scalecube-greeting	71		greeting	1484771754943	1484771754945	OK	 
REQUEST	scalecube-greeting	71		greeting	1484771754945	1484771754946	OK	 
REQUEST	scalecube-greeting	71		greeting	1484771754974	1484771754976	OK	 
REQUEST	scalecube-greeting	71		greeting	1484771755004	1484771755006	OK	 
REQUEST	scalecube-greeting	71		greeting	1484771755034	1484771755037	OK	 
REQUEST	scalecube-greeting	71		greeting	1484771755064	1484771755066	OK	 
REQUEST	scalecube-greeting	71		greeting	1484771755094	1484771755096	OK	 
REQUEST	scalecube-greeting	71		greeting	1484771755124	1484771755126	OK	 
REQUEST	scalecube-greeting	71		greeting	1484771755153	1484771755155	OK	 
REQUEST	scalecube-greeting	71		greeting	1484771755184	1484771755186	OK	 
USER	scalecube-greeting	71	END	1484771754943	1484771755186
USER	scalecube-greeting	72	START	1484771755194	1484771755194
REQUEST	scalecube-greeting	72		greeting	1484771755194	1484771755198	OK	 
REQUEST	scalecube-greeting	72		greeting	1484771755199	1484771755200	OK	 
REQUEST	scalecube-greeting	72		greeting	1484771755223	1484771755224	OK	 
REQUEST	scalecube-greeting	72		greeting	1484771755254	1484771755255	OK	 
REQUEST	scalecube-greeting	72		greeting	1484771755284	1484771755285	OK	 
REQUEST	scalecube-greeting	72		greeting	1484771755314	1484771755315	OK	 
REQUEST	scalecube-greeting	72		greeting	1484771755343	1484771755344	OK	 
REQUEST	scalecube-greeting	72		greeting	1484771755374	1484771755375	OK	 
REQUEST	scalecube-greeting	72		greeting	1484771755404	1484771755405	OK	 
REQUEST	scalecube-greeting	72		greeting	1484771755434	1484771755435	OK	 
USER	scalecube-greeting	72	END	1484771755194	1484771755435
USER	scalecube-greeting	73	START	1484771755444	1484771755444
REQUEST	scalecube-greeting	73		greeting	1484771755444	1484771755447	OK	 
REQUEST	scalecube-greeting	73		greeting	1484771755447	1484771755448	OK	 
REQUEST	scalecube-greeting	73		greeting	1484771755473	1484771755474	OK	 
REQUEST	scalecube-greeting	73		greeting	1484771755504	1484771755505	OK	 
REQUEST	scalecube-greeting	73		greeting	1484771755534	1484771755535	OK	 
REQUEST	scalecube-greeting	73		greeting	1484771755563	1484771755564	OK	 
REQUEST	scalecube-greeting	73		greeting	1484771755594	1484771755595	OK	 
REQUEST	scalecube-greeting	73		greeting	1484771755624	1484771755625	OK	 
REQUEST	scalecube-greeting	73		greeting	1484771755653	1484771755654	OK	 
REQUEST	scalecube-greeting	73		greeting	1484771755684	1484771755685	OK	 
USER	scalecube-greeting	73	END	1484771755444	1484771755685
USER	scalecube-greeting	74	START	1484771755694	1484771755694
REQUEST	scalecube-greeting	74		greeting	1484771755694	1484771755696	OK	 
REQUEST	scalecube-greeting	74		greeting	1484771755697	1484771755698	OK	 
REQUEST	scalecube-greeting	74		greeting	1484771755724	1484771755725	OK	 
REQUEST	scalecube-greeting	74		greeting	1484771755753	1484771755754	OK	 
REQUEST	scalecube-greeting	74		greeting	1484771755784	1484771755785	OK	 
REQUEST	scalecube-greeting	74		greeting	1484771755814	1484771755815	OK	 
REQUEST	scalecube-greeting	74		greeting	1484771755844	1484771755846	OK	 
REQUEST	scalecube-greeting	74		greeting	1484771755873	1484771755874	OK	 
REQUEST	scalecube-greeting	74		greeting	1484771755904	1484771755905	OK	 
REQUEST	scalecube-greeting	74		greeting	1484771755934	1484771755935	OK	 
USER	scalecube-greeting	74	END	1484771755694	1484771755935
USER	scalecube-greeting	75	START	1484771755944	1484771755944
REQUEST	scalecube-greeting	75		greeting	1484771755944	1484771755946	OK	 
REQUEST	scalecube-greeting	75		greeting	1484771755946	1484771755947	OK	 
REQUEST	scalecube-greeting	75		greeting	1484771755973	1484771755974	OK	 
REQUEST	scalecube-greeting	75		greeting	1484771756004	1484771756005	OK	 
REQUEST	scalecube-greeting	75		greeting	1484771756034	1484771756035	OK	 
REQUEST	scalecube-greeting	75		greeting	1484771756064	1484771756065	OK	 
REQUEST	scalecube-greeting	75		greeting	1484771756094	1484771756095	OK	 
REQUEST	scalecube-greeting	75		greeting	1484771756124	1484771756125	OK	 
REQUEST	scalecube-greeting	75		greeting	1484771756153	1484771756154	OK	 
REQUEST	scalecube-greeting	75		greeting	1484771756183	1484771756185	OK	 
USER	scalecube-greeting	75	END	1484771755944	1484771756185
USER	scalecube-greeting	76	START	1484771756273	1484771756273
REQUEST	scalecube-greeting	76		greeting	1484771756273	1484771756275	OK	 
REQUEST	scalecube-greeting	76		greeting	1484771756275	1484771756276	OK	 
REQUEST	scalecube-greeting	76		greeting	1484771756304	1484771756305	OK	 
REQUEST	scalecube-greeting	76		greeting	1484771756334	1484771756335	OK	 
REQUEST	scalecube-greeting	76		greeting	1484771756363	1484771756365	OK	 
REQUEST	scalecube-greeting	76		greeting	1484771756394	1484771756396	OK	 
REQUEST	scalecube-greeting	76		greeting	1484771756423	1484771756425	OK	 
REQUEST	scalecube-greeting	76		greeting	1484771756454	1484771756456	OK	 
REQUEST	scalecube-greeting	76		greeting	1484771756484	1484771756486	OK	 
REQUEST	scalecube-greeting	76		greeting	1484771756514	1484771756517	OK	 
USER	scalecube-greeting	76	END	1484771756273	1484771756518
USER	scalecube-greeting	77	START	1484771756613	1484771756613
REQUEST	scalecube-greeting	77		greeting	1484771756614	1484771756616	OK	 
REQUEST	scalecube-greeting	77		greeting	1484771756616	1484771756618	OK	 
REQUEST	scalecube-greeting	77		greeting	1484771756644	1484771756646	OK	 
REQUEST	scalecube-greeting	77		greeting	1484771756674	1484771756675	OK	 
REQUEST	scalecube-greeting	77		greeting	1484771756704	1484771756705	OK	 
REQUEST	scalecube-greeting	77		greeting	1484771756733	1484771756734	OK	 
REQUEST	scalecube-greeting	77		greeting	1484771756764	1484771756765	OK	 
REQUEST	scalecube-greeting	77		greeting	1484771756794	1484771756796	OK	 
REQUEST	scalecube-greeting	77		greeting	1484771756824	1484771756825	OK	 
REQUEST	scalecube-greeting	77		greeting	1484771756854	1484771756855	OK	 
USER	scalecube-greeting	77	END	1484771756613	1484771756855
USER	scalecube-greeting	78	START	1484771756943	1484771756943
REQUEST	scalecube-greeting	78		greeting	1484771756943	1484771756945	OK	 
REQUEST	scalecube-greeting	78		greeting	1484771756945	1484771756946	OK	 
REQUEST	scalecube-greeting	78		greeting	1484771756974	1484771756975	OK	 
REQUEST	scalecube-greeting	78		greeting	1484771757004	1484771757005	OK	 
REQUEST	scalecube-greeting	78		greeting	1484771757034	1484771757035	OK	 
REQUEST	scalecube-greeting	78		greeting	1484771757064	1484771757065	OK	 
REQUEST	scalecube-greeting	78		greeting	1484771757093	1484771757095	OK	 
REQUEST	scalecube-greeting	78		greeting	1484771757124	1484771757125	OK	 
REQUEST	scalecube-greeting	78		greeting	1484771757153	1484771757155	OK	 
REQUEST	scalecube-greeting	78		greeting	1484771757184	1484771757185	OK	 
USER	scalecube-greeting	78	END	1484771756943	1484771757186
USER	scalecube-greeting	79	START	1484771757274	1484771757274
REQUEST	scalecube-greeting	79		greeting	1484771757274	1484771757276	OK	 
REQUEST	scalecube-greeting	79		greeting	1484771757276	1484771757277	OK	 
REQUEST	scalecube-greeting	79		greeting	1484771757304	1484771757305	OK	 
REQUEST	scalecube-greeting	79		greeting	1484771757334	1484771757335	OK	 
REQUEST	scalecube-greeting	79		greeting	1484771757364	1484771757365	OK	 
REQUEST	scalecube-greeting	79		greeting	1484771757394	1484771757395	OK	 
REQUEST	scalecube-greeting	79		greeting	1484771757424	1484771757425	OK	 
REQUEST	scalecube-greeting	79		greeting	1484771757453	1484771757454	OK	 
REQUEST	scalecube-greeting	79		greeting	1484771757484	1484771757485	OK	 
REQUEST	scalecube-greeting	79		greeting	1484771757513	1484771757515	OK	 
USER	scalecube-greeting	79	END	1484771757274	1484771757515
USER	scalecube-greeting	80	START	1484771757614	1484771757614
REQUEST	scalecube-greeting	80		greeting	1484771757614	1484771757618	OK	 
REQUEST	scalecube-greeting	80		greeting	1484771757618	1484771757620	OK	 
REQUEST	scalecube-greeting	80		greeting	1484771757644	1484771757646	OK	 
REQUEST	scalecube-greeting	80		greeting	1484771757674	1484771757676	OK	 
REQUEST	scalecube-greeting	80		greeting	1484771757704	1484771757705	OK	 
REQUEST	scalecube-greeting	80		greeting	1484771757734	1484771757736	OK	 
REQUEST	scalecube-greeting	80		greeting	1484771757764	1484771757765	OK	 
REQUEST	scalecube-greeting	80		greeting	1484771757794	1484771757795	OK	 
REQUEST	scalecube-greeting	80		greeting	1484771757824	1484771757825	OK	 
REQUEST	scalecube-greeting	80		greeting	1484771757854	1484771757855	OK	 
USER	scalecube-greeting	80	END	1484771757614	1484771757856
USER	scalecube-greeting	81	START	1484771757943	1484771757943
REQUEST	scalecube-greeting	81		greeting	1484771757943	1484771757945	OK	 
REQUEST	scalecube-greeting	81		greeting	1484771757945	1484771757946	OK	 
REQUEST	scalecube-greeting	81		greeting	1484771757974	1484771757975	OK	 
REQUEST	scalecube-greeting	81		greeting	1484771758003	1484771758004	OK	 
REQUEST	scalecube-greeting	81		greeting	1484771758034	1484771758035	OK	 
REQUEST	scalecube-greeting	81		greeting	1484771758064	1484771758065	OK	 
REQUEST	scalecube-greeting	81		greeting	1484771758094	1484771758095	OK	 
REQUEST	scalecube-greeting	81		greeting	1484771758124	1484771758125	OK	 
REQUEST	scalecube-greeting	81		greeting	1484771758153	1484771758154	OK	 
REQUEST	scalecube-greeting	81		greeting	1484771758184	1484771758185	OK	 
USER	scalecube-greeting	81	END	1484771757943	1484771758185
USER	scalecube-greeting	82	START	1484771758194	1484771758194
REQUEST	scalecube-greeting	82		greeting	1484771758194	1484771758196	OK	 
REQUEST	scalecube-greeting	82		greeting	1484771758197	1484771758198	OK	 
REQUEST	scalecube-greeting	82		greeting	1484771758224	1484771758225	OK	 
REQUEST	scalecube-greeting	82		greeting	1484771758253	1484771758254	OK	 
REQUEST	scalecube-greeting	82		greeting	1484771758284	1484771758285	OK	 
REQUEST	scalecube-greeting	82		greeting	1484771758314	1484771758315	OK	 
REQUEST	scalecube-greeting	82		greeting	1484771758343	1484771758344	OK	 
REQUEST	scalecube-greeting	82		greeting	1484771758373	1484771758375	OK	 
REQUEST	scalecube-greeting	82		greeting	1484771758404	1484771758405	OK	 
REQUEST	scalecube-greeting	82		greeting	1484771758434	1484771758435	OK	 
USER	scalecube-greeting	82	END	1484771758194	1484771758435
USER	scalecube-greeting	83	START	1484771758444	1484771758444
REQUEST	scalecube-greeting	83		greeting	1484771758444	1484771758446	OK	 
REQUEST	scalecube-greeting	83		greeting	1484771758447	1484771758447	OK	 
REQUEST	scalecube-greeting	83		greeting	1484771758473	1484771758475	OK	 
REQUEST	scalecube-greeting	83		greeting	1484771758504	1484771758505	OK	 
REQUEST	scalecube-greeting	83		greeting	1484771758534	1484771758535	OK	 
REQUEST	scalecube-greeting	83		greeting	1484771758564	1484771758565	OK	 
REQUEST	scalecube-greeting	83		greeting	1484771758594	1484771758595	OK	 
REQUEST	scalecube-greeting	83		greeting	1484771758624	1484771758625	OK	 
REQUEST	scalecube-greeting	83		greeting	1484771758653	1484771758654	OK	 
REQUEST	scalecube-greeting	83		greeting	1484771758684	1484771758685	OK	 
USER	scalecube-greeting	83	END	1484771758444	1484771758685
USER	scalecube-greeting	84	START	1484771758694	1484771758694
REQUEST	scalecube-greeting	84		greeting	1484771758694	1484771758695	OK	 
REQUEST	scalecube-greeting	84		greeting	1484771758696	1484771758696	OK	 
REQUEST	scalecube-greeting	84		greeting	1484771758724	1484771758725	OK	 
REQUEST	scalecube-greeting	84		greeting	1484771758753	1484771758754	OK	 
REQUEST	scalecube-greeting	84		greeting	1484771758784	1484771758785	OK	 
REQUEST	scalecube-greeting	84		greeting	1484771758814	1484771758815	OK	 
REQUEST	scalecube-greeting	84		greeting	1484771758843	1484771758844	OK	 
REQUEST	scalecube-greeting	84		greeting	1484771758873	1484771758874	OK	 
REQUEST	scalecube-greeting	84		greeting	1484771758904	1484771758905	OK	 
REQUEST	scalecube-greeting	84		greeting	1484771758934	1484771758935	OK	 
USER	scalecube-greeting	84	END	1484771758694	1484771758935
USER	scalecube-greeting	85	START	1484771758944	1484771758944
REQUEST	scalecube-greeting	85		greeting	1484771758944	1484771758946	OK	 
REQUEST	scalecube-greeting	85		greeting	1484771758946	1484771758947	OK	 
REQUEST	scalecube-greeting	85		greeting	1484771758974	1484771758975	OK	 
REQUEST	scalecube-greeting	85		greeting	1484771759004	1484771759005	OK	 
REQUEST	scalecube-greeting	85		greeting	1484771759034	1484771759035	OK	 
REQUEST	scalecube-greeting	85		greeting	1484771759063	1484771759064	OK	 
REQUEST	scalecube-greeting	85		greeting	1484771759094	1484771759095	OK	 
REQUEST	scalecube-greeting	85		greeting	1484771759124	1484771759125	OK	 
REQUEST	scalecube-greeting	85		greeting	1484771759153	1484771759154	OK	 
REQUEST	scalecube-greeting	85		greeting	1484771759184	1484771759185	OK	 
USER	scalecube-greeting	85	END	1484771758944	1484771759185
USER	scalecube-greeting	86	START	1484771759274	1484771759274
REQUEST	scalecube-greeting	86		greeting	1484771759274	1484771759275	OK	 
REQUEST	scalecube-greeting	86		greeting	1484771759276	1484771759276	OK	 
REQUEST	scalecube-greeting	86		greeting	1484771759303	1484771759304	OK	 
REQUEST	scalecube-greeting	86		greeting	1484771759334	1484771759335	OK	 
REQUEST	scalecube-greeting	86		greeting	1484771759363	1484771759364	OK	 
REQUEST	scalecube-greeting	86		greeting	1484771759394	1484771759395	OK	 
REQUEST	scalecube-greeting	86		greeting	1484771759424	1484771759425	OK	 
REQUEST	scalecube-greeting	86		greeting	1484771759454	1484771759454	OK	 
REQUEST	scalecube-greeting	86		greeting	1484771759484	1484771759485	OK	 
REQUEST	scalecube-greeting	86		greeting	1484771759513	1484771759514	OK	 
USER	scalecube-greeting	86	END	1484771759274	1484771759515
USER	scalecube-greeting	87	START	1484771759614	1484771759614
REQUEST	scalecube-greeting	87		greeting	1484771759614	1484771759615	OK	 
REQUEST	scalecube-greeting	87		greeting	1484771759615	1484771759616	OK	 
REQUEST	scalecube-greeting	87		greeting	1484771759644	1484771759645	OK	 
REQUEST	scalecube-greeting	87		greeting	1484771759674	1484771759675	OK	 
REQUEST	scalecube-greeting	87		greeting	1484771759704	1484771759705	OK	 
REQUEST	scalecube-greeting	87		greeting	1484771759733	1484771759734	OK	 
REQUEST	scalecube-greeting	87		greeting	1484771759764	1484771759765	OK	 
REQUEST	scalecube-greeting	87		greeting	1484771759793	1484771759794	OK	 
REQUEST	scalecube-greeting	87		greeting	1484771759824	1484771759825	OK	 
REQUEST	scalecube-greeting	87		greeting	1484771759854	1484771759855	OK	 
USER	scalecube-greeting	87	END	1484771759614	1484771759855
USER	scalecube-greeting	88	START	1484771759943	1484771759943
REQUEST	scalecube-greeting	88		greeting	1484771759944	1484771759945	OK	 
REQUEST	scalecube-greeting	88		greeting	1484771759945	1484771759946	OK	 
REQUEST	scalecube-greeting	88		greeting	1484771759974	1484771759975	OK	 
REQUEST	scalecube-greeting	88		greeting	1484771760003	1484771760005	OK	 
REQUEST	scalecube-greeting	88		greeting	1484771760034	1484771760035	OK	 
REQUEST	scalecube-greeting	88		greeting	1484771760063	1484771760065	OK	 
REQUEST	scalecube-greeting	88		greeting	1484771760094	1484771760095	OK	 
REQUEST	scalecube-greeting	88		greeting	1484771760123	1484771760124	OK	 
REQUEST	scalecube-greeting	88		greeting	1484771760154	1484771760154	OK	 
REQUEST	scalecube-greeting	88		greeting	1484771760184	1484771760185	OK	 
USER	scalecube-greeting	88	END	1484771759943	1484771760185
USER	scalecube-greeting	89	START	1484771760284	1484771760284
REQUEST	scalecube-greeting	89		greeting	1484771760284	1484771760286	OK	 
REQUEST	scalecube-greeting	89		greeting	1484771760286	1484771760287	OK	 
REQUEST	scalecube-greeting	89		greeting	1484771760314	1484771760315	OK	 
REQUEST	scalecube-greeting	89		greeting	1484771760343	1484771760344	OK	 
REQUEST	scalecube-greeting	89		greeting	1484771760373	1484771760374	OK	 
REQUEST	scalecube-greeting	89		greeting	1484771760404	1484771760405	OK	 
REQUEST	scalecube-greeting	89		greeting	1484771760434	1484771760435	OK	 
REQUEST	scalecube-greeting	89		greeting	1484771760463	1484771760465	OK	 
REQUEST	scalecube-greeting	89		greeting	1484771760494	1484771760494	OK	 
REQUEST	scalecube-greeting	89		greeting	1484771760524	1484771760525	OK	 
USER	scalecube-greeting	89	END	1484771760284	1484771760525
USER	scalecube-greeting	90	START	1484771760613	1484771760613
REQUEST	scalecube-greeting	90		greeting	1484771760614	1484771760615	OK	 
REQUEST	scalecube-greeting	90		greeting	1484771760615	1484771760618	OK	 
REQUEST	scalecube-greeting	90		greeting	1484771760644	1484771760645	OK	 
REQUEST	scalecube-greeting	90		greeting	1484771760674	1484771760676	OK	 
REQUEST	scalecube-greeting	90		greeting	1484771760703	1484771760704	OK	 
REQUEST	scalecube-greeting	90		greeting	1484771760734	1484771760735	OK	 
REQUEST	scalecube-greeting	90		greeting	1484771760764	1484771760765	OK	 
REQUEST	scalecube-greeting	90		greeting	1484771760794	1484771760795	OK	 
REQUEST	scalecube-greeting	90		greeting	1484771760823	1484771760824	OK	 
REQUEST	scalecube-greeting	90		greeting	1484771760853	1484771760854	OK	 
USER	scalecube-greeting	90	END	1484771760613	1484771760855
USER	scalecube-greeting	91	START	1484771760944	1484771760944
REQUEST	scalecube-greeting	91		greeting	1484771760944	1484771760947	OK	 
REQUEST	scalecube-greeting	91		greeting	1484771760947	1484771760948	OK	 
REQUEST	scalecube-greeting	91		greeting	1484771760973	1484771760974	OK	 
REQUEST	scalecube-greeting	91		greeting	1484771761004	1484771761005	OK	 
REQUEST	scalecube-greeting	91		greeting	1484771761034	1484771761035	OK	 
REQUEST	scalecube-greeting	91		greeting	1484771761063	1484771761064	OK	 
REQUEST	scalecube-greeting	91		greeting	1484771761093	1484771761094	OK	 
REQUEST	scalecube-greeting	91		greeting	1484771761124	1484771761125	OK	 
REQUEST	scalecube-greeting	91		greeting	1484771761154	1484771761155	OK	 
REQUEST	scalecube-greeting	91		greeting	1484771761183	1484771761184	OK	 
USER	scalecube-greeting	91	END	1484771760944	1484771761184
USER	scalecube-greeting	92	START	1484771761193	1484771761193
REQUEST	scalecube-greeting	92		greeting	1484771761194	1484771761196	OK	 
REQUEST	scalecube-greeting	92		greeting	1484771761196	1484771761197	OK	 
REQUEST	scalecube-greeting	92		greeting	1484771761224	1484771761225	OK	 
REQUEST	scalecube-greeting	92		greeting	1484771761253	1484771761255	OK	 
REQUEST	scalecube-greeting	92		greeting	1484771761284	1484771761285	OK	 
REQUEST	scalecube-greeting	92		greeting	1484771761314	1484771761316	OK	 
REQUEST	scalecube-greeting	92		greeting	1484771761344	1484771761346	OK	 
REQUEST	scalecube-greeting	92		greeting	1484771761374	1484771761375	OK	 
REQUEST	scalecube-greeting	92		greeting	1484771761404	1484771761405	OK	 
REQUEST	scalecube-greeting	92		greeting	1484771761433	1484771761436	OK	 
USER	scalecube-greeting	92	END	1484771761193	1484771761436
USER	scalecube-greeting	93	START	1484771761444	1484771761444
REQUEST	scalecube-greeting	93		greeting	1484771761444	1484771761447	OK	 
REQUEST	scalecube-greeting	93		greeting	1484771761447	1484771761449	OK	 
REQUEST	scalecube-greeting	93		greeting	1484771761473	1484771761476	OK	 
REQUEST	scalecube-greeting	93		greeting	1484771761504	1484771761506	OK	 
REQUEST	scalecube-greeting	93		greeting	1484771761533	1484771761535	OK	 
REQUEST	scalecube-greeting	93		greeting	1484771761564	1484771761566	OK	 
REQUEST	scalecube-greeting	93		greeting	1484771761594	1484771761596	OK	 
REQUEST	scalecube-greeting	93		greeting	1484771761624	1484771761626	OK	 
REQUEST	scalecube-greeting	93		greeting	1484771761654	1484771761655	OK	 
REQUEST	scalecube-greeting	93		greeting	1484771761684	1484771761686	OK	 
USER	scalecube-greeting	93	END	1484771761444	1484771761687
USER	scalecube-greeting	94	START	1484771761693	1484771761693
REQUEST	scalecube-greeting	94		greeting	1484771761693	1484771761696	OK	 
REQUEST	scalecube-greeting	94		greeting	1484771761696	1484771761697	OK	 
REQUEST	scalecube-greeting	94		greeting	1484771761724	1484771761725	OK	 
REQUEST	scalecube-greeting	94		greeting	1484771761754	1484771761755	OK	 
REQUEST	scalecube-greeting	94		greeting	1484771761784	1484771761785	OK	 
REQUEST	scalecube-greeting	94		greeting	1484771761814	1484771761815	OK	 
REQUEST	scalecube-greeting	94		greeting	1484771761843	1484771761844	OK	 
REQUEST	scalecube-greeting	94		greeting	1484771761874	1484771761875	OK	 
REQUEST	scalecube-greeting	94		greeting	1484771761903	1484771761904	OK	 
REQUEST	scalecube-greeting	94		greeting	1484771761934	1484771761936	OK	 
USER	scalecube-greeting	94	END	1484771761693	1484771761937
USER	scalecube-greeting	95	START	1484771761944	1484771761944
REQUEST	scalecube-greeting	95		greeting	1484771761944	1484771761947	OK	 
REQUEST	scalecube-greeting	95		greeting	1484771761948	1484771761949	OK	 
REQUEST	scalecube-greeting	95		greeting	1484771761974	1484771761976	OK	 
REQUEST	scalecube-greeting	95		greeting	1484771762004	1484771762005	OK	 
REQUEST	scalecube-greeting	95		greeting	1484771762034	1484771762035	OK	 
REQUEST	scalecube-greeting	95		greeting	1484771762064	1484771762065	OK	 
REQUEST	scalecube-greeting	95		greeting	1484771762094	1484771762096	OK	 
REQUEST	scalecube-greeting	95		greeting	1484771762124	1484771762126	OK	 
REQUEST	scalecube-greeting	95		greeting	1484771762154	1484771762156	OK	 
REQUEST	scalecube-greeting	95		greeting	1484771762183	1484771762186	OK	 
USER	scalecube-greeting	95	END	1484771761944	1484771762186
USER	scalecube-greeting	96	START	1484771762274	1484771762274
REQUEST	scalecube-greeting	96		greeting	1484771762274	1484771762277	OK	 
REQUEST	scalecube-greeting	96		greeting	1484771762278	1484771762280	OK	 
REQUEST	scalecube-greeting	96		greeting	1484771762304	1484771762306	OK	 
REQUEST	scalecube-greeting	96		greeting	1484771762334	1484771762336	OK	 
REQUEST	scalecube-greeting	96		greeting	1484771762364	1484771762366	OK	 
REQUEST	scalecube-greeting	96		greeting	1484771762393	1484771762395	OK	 
REQUEST	scalecube-greeting	96		greeting	1484771762424	1484771762426	OK	 
REQUEST	scalecube-greeting	96		greeting	1484771762453	1484771762455	OK	 
REQUEST	scalecube-greeting	96		greeting	1484771762484	1484771762485	OK	 
REQUEST	scalecube-greeting	96		greeting	1484771762513	1484771762514	OK	 
USER	scalecube-greeting	96	END	1484771762274	1484771762514
USER	scalecube-greeting	97	START	1484771762614	1484771762614
REQUEST	scalecube-greeting	97		greeting	1484771762614	1484771762615	OK	 
REQUEST	scalecube-greeting	97		greeting	1484771762615	1484771762616	OK	 
REQUEST	scalecube-greeting	97		greeting	1484771762644	1484771762645	OK	 
REQUEST	scalecube-greeting	97		greeting	1484771762674	1484771762675	OK	 
REQUEST	scalecube-greeting	97		greeting	1484771762704	1484771762705	OK	 
REQUEST	scalecube-greeting	97		greeting	1484771762733	1484771762734	OK	 
REQUEST	scalecube-greeting	97		greeting	1484771762764	1484771762765	OK	 
REQUEST	scalecube-greeting	97		greeting	1484771762793	1484771762794	OK	 
REQUEST	scalecube-greeting	97		greeting	1484771762824	1484771762825	OK	 
REQUEST	scalecube-greeting	97		greeting	1484771762854	1484771762855	OK	 
USER	scalecube-greeting	97	END	1484771762614	1484771762855
USER	scalecube-greeting	98	START	1484771762943	1484771762943
REQUEST	scalecube-greeting	98		greeting	1484771762943	1484771762945	OK	 
REQUEST	scalecube-greeting	98		greeting	1484771762945	1484771762946	OK	 
REQUEST	scalecube-greeting	98		greeting	1484771762974	1484771762975	OK	 
REQUEST	scalecube-greeting	98		greeting	1484771763003	1484771763004	OK	 
REQUEST	scalecube-greeting	98		greeting	1484771763034	1484771763035	OK	 
REQUEST	scalecube-greeting	98		greeting	1484771763064	1484771763065	OK	 
REQUEST	scalecube-greeting	98		greeting	1484771763093	1484771763094	OK	 
REQUEST	scalecube-greeting	98		greeting	1484771763124	1484771763125	OK	 
REQUEST	scalecube-greeting	98		greeting	1484771763154	1484771763155	OK	 
REQUEST	scalecube-greeting	98		greeting	1484771763184	1484771763185	OK	 
USER	scalecube-greeting	98	END	1484771762943	1484771763185
USER	scalecube-greeting	99	START	1484771763283	1484771763283
REQUEST	scalecube-greeting	99		greeting	1484771763283	1484771763286	OK	 
REQUEST	scalecube-greeting	99		greeting	1484771763286	1484771763287	OK	 
REQUEST	scalecube-greeting	99		greeting	1484771763314	1484771763315	OK	 
REQUEST	scalecube-greeting	99		greeting	1484771763344	1484771763345	OK	 
REQUEST	scalecube-greeting	99		greeting	1484771763374	1484771763375	OK	 
REQUEST	scalecube-greeting	99		greeting	1484771763403	1484771763404	OK	 
REQUEST	scalecube-greeting	99		greeting	1484771763434	1484771763435	OK	 
REQUEST	scalecube-greeting	99		greeting	1484771763464	1484771763465	OK	 
REQUEST	scalecube-greeting	99		greeting	1484771763493	1484771763494	OK	 
REQUEST	scalecube-greeting	99		greeting	1484771763523	1484771763524	OK	 
USER	scalecube-greeting	99	END	1484771763283	1484771763525
USER	scalecube-greeting	100	START	1484771763613	1484771763613
REQUEST	scalecube-greeting	100		greeting	1484771763613	1484771763615	OK	 
REQUEST	scalecube-greeting	100		greeting	1484771763615	1484771763619	OK	 
REQUEST	scalecube-greeting	100		greeting	1484771763644	1484771763645	OK	 
REQUEST	scalecube-greeting	100		greeting	1484771763674	1484771763675	OK	 
REQUEST	scalecube-greeting	100		greeting	1484771763703	1484771763705	OK	 
REQUEST	scalecube-greeting	100		greeting	1484771763734	1484771763735	OK	 
REQUEST	scalecube-greeting	100		greeting	1484771763764	1484771763765	OK	 
REQUEST	scalecube-greeting	100		greeting	1484771763794	1484771763795	OK	 
REQUEST	scalecube-greeting	100		greeting	1484771763823	1484771763824	OK	 
REQUEST	scalecube-greeting	100		greeting	1484771763854	1484771763854	OK	 
USER	scalecube-greeting	100	END	1484771763613	1484771763855
